
Ex: eTrade SYM: SPY Bar chart (min): 10 Open bars: 4 Clase Bars: 2
Mon, 18 May 2020 16:36:00
ACTION OPEN GAIN/(LOSS)	TOTAL BARSINPOS	TIME
~~~~~~~~~~~~~~~~~~~~~~~~~~~~~~~~~~~~~~~~~~~~~~~~~~~

Ex: eTrade SYM: SPY Bar chart (min): 10 Open bars: 4 Clase Bars: 2
Mon, 18 May 2020 16:38:00
ACTION OPEN GAIN/(LOSS)	TOTAL BARSINPOS	TIME
~~~~~~~~~~~~~~~~~~~~~~~~~~~~~~~~~~~~~~~~~~~~~~~~~~~

Ex: eTrade SYM: SPY Bar chart (min): 10 Open bars: 4 Clase Bars: 2
Mon, 18 May 2020 16:45:00
ACTION OPEN GAIN/(LOSS)	TOTAL BARSINPOS	TIME
~~~~~~~~~~~~~~~~~~~~~~~~~~~~~~~~~~~~~~~~~~~~~~~~~~~

Ex: eTrade SYM: SPY Bar chart (min): 1 Open bars: 2 Clase Bars: 1
Mon, 18 May 2020 16:50:00
ACTION OPEN GAIN/(LOSS)	TOTAL BARSINPOS	TIME
~~~~~~~~~~~~~~~~~~~~~~~~~~~~~~~~~~~~~~~~~~~~~~~~~~~

Ex: eTrade SYM: SPY Bar chart (min): 1 Open bars: 2 Clase Bars: 1
Mon, 18 May 2020 16:58:46
ACTION OPEN GAIN/(LOSS)	TOTAL BARSINPOS	TIME
~~~~~~~~~~~~~~~~~~~~~~~~~~~~~~~~~~~~~~~~~~~~~~~~~~~

Ex: eTrade SYM: SPY Bar chart (min): 1 Open bars: 2 Clase Bars: 1
Mon, 18 May 2020 17:06:26
ACTION OPEN GAIN/(LOSS)	TOTAL BARSINPOS	TIME
~~~~~~~~~~~~~~~~~~~~~~~~~~~~~~~~~~~~~~~~~~~~~~~~~~~

Ex: eTrade SYM: SPY Bar chart (min): 1 Open bars: 2 Clase Bars: 1
Mon, 18 May 2020 17:17:41
ACTION OPEN GAIN/(LOSS)	TOTAL BARSINPOS	TIME
~~~~~~~~~~~~~~~~~~~~~~~~~~~~~~~~~~~~~~~~~~~~~~~~~~~

Ex: eTrade SYM: SPY Bar chart (min): 1 Open bars: 2 Clase Bars: 1
Mon, 18 May 2020 17:25:07
ACTION OPEN GAIN/(LOSS)	TOTAL BARSINPOS	TIME
~~~~~~~~~~~~~~~~~~~~~~~~~~~~~~~~~~~~~~~~~~~~~~~~~~~

Ex: eTrade SYM: SPY Bar chart (min): 1 Open bars: 2 Clase Bars: 1
Mon, 18 May 2020 17:28:41
ACTION OPEN GAIN/(LOSS)	TOTAL BARSINPOS	TIME
~~~~~~~~~~~~~~~~~~~~~~~~~~~~~~~~~~~~~~~~~~~~~~~~~~~

Ex: eTrade SYM: SPY Bar chart (min): 1 Open bars: 2 Clase Bars: 1
Mon, 18 May 2020 17:29:10
ACTION OPEN GAIN/(LOSS)	TOTAL BARSINPOS	TIME
~~~~~~~~~~~~~~~~~~~~~~~~~~~~~~~~~~~~~~~~~~~~~~~~~~~

Ex: eTrade SYM: SPY Bar chart (min): 2 Open bars: 2 Clase Bars: 1
Mon, 18 May 2020 17:31:06
ACTION OPEN GAIN/(LOSS)	TOTAL BARSINPOS	TIME
~~~~~~~~~~~~~~~~~~~~~~~~~~~~~~~~~~~~~~~~~~~~~~~~~~~

Ex: eTrade SYM: SPY Bar chart (min): 2 Open bars: 2 Clase Bars: 1
Mon, 18 May 2020 17:34:16
ACTION OPEN GAIN/(LOSS)	TOTAL BARSINPOS	TIME
~~~~~~~~~~~~~~~~~~~~~~~~~~~~~~~~~~~~~~~~~~~~~~~~~~~

Ex: eTrade SYM: SPY Bar chart (min): 2 Open bars: 2 Clase Bars: 1
Mon, 18 May 2020 17:34:48
ACTION OPEN GAIN/(LOSS)	TOTAL BARSINPOS	TIME
~~~~~~~~~~~~~~~~~~~~~~~~~~~~~~~~~~~~~~~~~~~~~~~~~~~

Ex: eTrade SYM: SPY Bar chart (min): 2 Open bars: 2 Clase Bars: 1
Mon, 18 May 2020 17:39:00
ACTION OPEN GAIN/(LOSS)	TOTAL BARSINPOS	TIME
~~~~~~~~~~~~~~~~~~~~~~~~~~~~~~~~~~~~~~~~~~~~~~~~~~~

Ex: eTrade SYM: SPY Bar chart (min): 2 Open bars: 2 Clase Bars: 1
Mon, 18 May 2020 17:41:22
ACTION OPEN GAIN/(LOSS)	TOTAL BARSINPOS	TIME
~~~~~~~~~~~~~~~~~~~~~~~~~~~~~~~~~~~~~~~~~~~~~~~~~~~

Ex: eTrade SYM: SPY Bar chart (min): 2 Open bars: 2 Clase Bars: 1
Mon, 18 May 2020 17:48:05
ACTION OPEN GAIN/(LOSS)	TOTAL BARSINPOS	TIME
~~~~~~~~~~~~~~~~~~~~~~~~~~~~~~~~~~~~~~~~~~~~~~~~~~~

Ex: eTrade SYM: SPY Bar chart (min): 2 Open bars: 2 Clase Bars: 1
Mon, 18 May 2020 17:50:29
ACTION OPEN GAIN/(LOSS)	TOTAL BARSINPOS	TIME
~~~~~~~~~~~~~~~~~~~~~~~~~~~~~~~~~~~~~~~~~~~~~~~~~~~

Ex: eTrade SYM: SPY Bar chart (min): 2 Open bars: 2 Clase Bars: 1
Mon, 18 May 2020 17:52:21
ACTION OPEN GAIN/(LOSS)	TOTAL BARSINPOS	TIME
~~~~~~~~~~~~~~~~~~~~~~~~~~~~~~~~~~~~~~~~~~~~~~~~~~~

Ex: eTrade SYM: SPY Bar chart (min): 2 Open bars: 2 Clase Bars: 1
Mon, 18 May 2020 17:53:04
ACTION OPEN GAIN/(LOSS)	TOTAL BARSINPOS	TIME
~~~~~~~~~~~~~~~~~~~~~~~~~~~~~~~~~~~~~~~~~~~~~~~~~~~

Ex: eTrade SYM: SPY Bar chart (min): 2 Open bars: 2 Clase Bars: 1
Mon, 18 May 2020 17:54:00
ACTION OPEN GAIN/(LOSS)	TOTAL BARSINPOS	TIME
~~~~~~~~~~~~~~~~~~~~~~~~~~~~~~~~~~~~~~~~~~~~~~~~~~~

Ex: eTrade SYM: SPY Bar chart (min): 2 Open bars: 2 Clase Bars: 1
Mon, 18 May 2020 17:57:59
ACTION OPEN GAIN/(LOSS)	TOTAL BARSINPOS	TIME
~~~~~~~~~~~~~~~~~~~~~~~~~~~~~~~~~~~~~~~~~~~~~~~~~~~

Ex: eTrade SYM: SPY Bar chart (min): 2 Open bars: 2 Clase Bars: 1
Mon, 18 May 2020 18:07:43
ACTION OPEN GAIN/(LOSS)	TOTAL BARSINPOS	TIME
~~~~~~~~~~~~~~~~~~~~~~~~~~~~~~~~~~~~~~~~~~~~~~~~~~~
buy 295.61							  		Mon, 18 May 2020 18:13:23
close	295.63 0.02 0.02		3   Mon, 18 May 2020 18:17:08
sell 295.62							  		Mon, 18 May 2020 18:17:13
close	295.67 -0.05 -0.03		0   Mon, 18 May 2020 18:17:18
buy 295.69							  		Mon, 18 May 2020 18:17:23
close	295.64 -0.05 -0.08		0   Mon, 18 May 2020 18:17:28
sell 295.63							  		Mon, 18 May 2020 18:17:38

Ex: eTrade SYM: SPY Bar chart (min): 2 Open bars: 2 Clase Bars: 1
Mon, 18 May 2020 18:18:39
ACTION OPEN GAIN/(LOSS)	TOTAL BARSINPOS	TIME
~~~~~~~~~~~~~~~~~~~~~~~~~~~~~~~~~~~~~~~~~~~~~~~~~~~
buy 295.53							  		Mon, 18 May 2020 18:23:23
close	295.42 -0.11 -0.11		1   Mon, 18 May 2020 18:25:17
sell 295.42							  		Mon, 18 May 2020 18:25:22
close	295.58 -0.16 -0.27		1   Mon, 18 May 2020 18:25:44
buy 295.64							  		Mon, 18 May 2020 18:26:10
close	295.75 0.11 -0.16		6   Mon, 18 May 2020 18:34:15
sell 295.72							  		Mon, 18 May 2020 18:34:25
close	295.82 -0.10 -0.26		1   Mon, 18 May 2020 18:35:08
sell 295.79							  		Mon, 18 May 2020 18:35:14
close	295.81 -0.02 -0.28		0   Mon, 18 May 2020 18:35:40

Ex: eTrade SYM: SPY Bar chart (min): 2 Open bars: 2 Clase Bars: 1
Mon, 18 May 2020 18:36:00
ACTION OPEN GAIN/(LOSS)	TOTAL BARSINPOS	TIME
~~~~~~~~~~~~~~~~~~~~~~~~~~~~~~~~~~~~~~~~~~~~~~~~~~~

Ex: eTrade SYM: TSLA Bar chart (min): 2 Open bars: 2 Clase Bars: 1
Mon, 18 May 2020 18:37:00
ACTION OPEN GAIN/(LOSS)	TOTAL BARSINPOS	TIME
~~~~~~~~~~~~~~~~~~~~~~~~~~~~~~~~~~~~~~~~~~~~~~~~~~~
sell 807.03							  		Mon, 18 May 2020 18:41:06
close	807.88 -0.85 -0.85		0   Mon, 18 May 2020 18:42:08
buy 808.1							  		Mon, 18 May 2020 18:42:11
close	808.85 0.75 -0.10		3   Mon, 18 May 2020 18:46:18
sell 808.8							  		Mon, 18 May 2020 18:46:25
close	809.13 -0.33 -0.43		0   Mon, 18 May 2020 18:46:54
buy 809.11							  		Mon, 18 May 2020 18:46:57
close	808.33 -0.78 -1.21		1   Mon, 18 May 2020 18:47:48
sell 808.37							  		Mon, 18 May 2020 18:48:02
close	808.55 -0.18 -1.39		1   Mon, 18 May 2020 18:49:36
buy 808.49							  		Mon, 18 May 2020 18:49:40
close	807.75 -0.74 -2.13		1   Mon, 18 May 2020 18:50:33
sell 807.71							  		Mon, 18 May 2020 18:50:36

Ex: eTrade SYM: TSLA Bar chart (min): 2 Open bars: 2 Clase Bars: 1
Mon, 18 May 2020 18:51:00
ACTION OPEN GAIN/(LOSS)	TOTAL BARSINPOS	TIME
~~~~~~~~~~~~~~~~~~~~~~~~~~~~~~~~~~~~~~~~~~~~~~~~~~~

Ex: eTrade SYM: TSLA Bar chart (min): 2 Open bars: 2 Clase Bars: 1
Mon, 18 May 2020 18:52:00
ACTION OPEN GAIN/(LOSS)	TOTAL BARSINPOS	TIME
~~~~~~~~~~~~~~~~~~~~~~~~~~~~~~~~~~~~~~~~~~~~~~~~~~~
buy 806.75							  		Mon, 18 May 2020 18:56:30
close	804.6 -2.15 -2.15		2   Mon, 18 May 2020 18:58:50
buy 805.84							  		Mon, 18 May 2020 19:01:06
close	807.08 1.24 -0.91		3   Mon, 18 May 2020 19:04:08
sell 806.82							  		Mon, 18 May 2020 19:05:25
close	807.45 -0.63 -1.54		0   Mon, 18 May 2020 19:05:31

Ex: eTrade SYM: TSLA Bar chart (min): 2 Open bars: 2 Clase Bars: 1
Mon, 18 May 2020 19:08:00
ACTION OPEN GAIN/(LOSS)	TOTAL BARSINPOS	TIME
~~~~~~~~~~~~~~~~~~~~~~~~~~~~~~~~~~~~~~~~~~~~~~~~~~~
sell 806.79							  		Mon, 18 May 2020 19:12:09
close	807.47 -0.68 -0.68		2   Mon, 18 May 2020 19:15:04
buy 807.31							  		Mon, 18 May 2020 19:16:07
close	807.94 0.63 -0.05		2   Mon, 18 May 2020 19:18:48
buy 808.99							  		Mon, 18 May 2020 19:20:08
close	811.27 2.28 2.23		5   Mon, 18 May 2020 19:27:42
buy 811.27							  		Mon, 18 May 2020 19:27:42
close	813.48 2.21 4.44		7   Mon, 18 May 2020 19:36:11
sell 813.11							  		Mon, 18 May 2020 19:37:27
close	813.48 -0.37 4.07		1   Mon, 18 May 2020 19:38:48
sell 812.93							  		Mon, 18 May 2020 19:40:18
close	812.69 0.24 4.31		2   Mon, 18 May 2020 19:42:51
sell 812.22							  		Mon, 18 May 2020 19:44:05

Ex: eTrade SYM: TSLA Bar chart (min): 2 Open bars: 2 Clase Bars: 1
Mon, 18 May 2020 19:46:00
ACTION OPEN GAIN/(LOSS)	TOTAL BARSINPOS	TIME
~~~~~~~~~~~~~~~~~~~~~~~~~~~~~~~~~~~~~~~~~~~~~~~~~~~
buy 815.94							  		Mon, 18 May 2020 19:52:05
close	815.85 -0.09 -0.09		1   Mon, 18 May 2020 19:55:21
sell 815.57							  		Mon, 18 May 2020 19:56:10
close	814.2 1.37 1.28		2   Mon, 18 May 2020 20:00:12

Ex: eTrade SYM: TSLA Bar chart (min): 1 Open bars: 2 Clase Bars: 1
Mon, 18 May 2020 20:08:08
ACTION OPEN GAIN/(LOSS)	TOTAL BARSINPOS	TIME
~~~~~~~~~~~~~~~~~~~~~~~~~~~~~~~~~~~~~~~~~~~~~~~~~~~

Ex: eTrade SYM: TSLA Bar chart (min): 1 Open bars: 2 Clase Bars: 1
Mon, 18 May 2020 20:09:22
ACTION OPEN GAIN/(LOSS)	TOTAL BARSINPOS	TIME
~~~~~~~~~~~~~~~~~~~~~~~~~~~~~~~~~~~~~~~~~~~~~~~~~~~

Ex: eTrade SYM: TSLA Bar chart (min): 1 Open bars: 2 Clase Bars: 1
Mon, 18 May 2020 20:11:16
ACTION OPEN GAIN/(LOSS)	TOTAL BARSINPOS	TIME
~~~~~~~~~~~~~~~~~~~~~~~~~~~~~~~~~~~~~~~~~~~~~~~~~~~

Ex: eTrade SYM: SPY Bar chart (min): 1 Open bars: 2 Clase Bars: 1
Mon, 18 May 2020 20:13:02
ACTION OPEN GAIN/(LOSS)	TOTAL BARSINPOS	TIME
~~~~~~~~~~~~~~~~~~~~~~~~~~~~~~~~~~~~~~~~~~~~~~~~~~~

Ex: eTrade SYM: SPY Bar chart (min): 1 Open bars: 2 Clase Bars: 1
Mon, 18 May 2020 20:17:24
ACTION OPEN GAIN/(LOSS)	TOTAL BARSINPOS	TIME
~~~~~~~~~~~~~~~~~~~~~~~~~~~~~~~~~~~~~~~~~~~~~~~~~~~

Ex: eTrade SYM: SPY Bar chart (min): 1 Open bars: 2 Clase Bars: 1
Mon, 18 May 2020 20:35:27
ACTION OPEN GAIN/(LOSS)	TOTAL BARSINPOS	TIME
~~~~~~~~~~~~~~~~~~~~~~~~~~~~~~~~~~~~~~~~~~~~~~~~~~~
buy 294.87							  		Mon, 18 May 2020 20:38:54
close	294.83 -0.04 -0.04		4   Mon, 18 May 2020 20:42:41
buy 294.93							  		Mon, 18 May 2020 20:44:12
close	294.95 0.02 -0.02		3   Mon, 18 May 2020 20:46:49

Ex: eTrade SYM: SPY Bar chart (min): 1 Open bars: 2 Clase Bars: 1
Mon, 18 May 2020 20:49:00
ACTION OPEN GAIN/(LOSS)	TOTAL BARSINPOS	TIME
~~~~~~~~~~~~~~~~~~~~~~~~~~~~~~~~~~~~~~~~~~~~~~~~~~~

Ex: eTrade SYM: SPY Bar chart (min): 1 Open bars: 2 Clase Bars: 1
Mon, 18 May 2020 20:52:00
ACTION OPEN GAIN/(LOSS)	TOTAL BARSINPOS	TIME
~~~~~~~~~~~~~~~~~~~~~~~~~~~~~~~~~~~~~~~~~~~~~~~~~~~

Ex: eTrade SYM: SPY Bar chart (min): 1 Open bars: 2 Clase Bars: 1
Mon, 18 May 2020 20:53:00
ACTION OPEN GAIN/(LOSS)	TOTAL BARSINPOS	TIME
~~~~~~~~~~~~~~~~~~~~~~~~~~~~~~~~~~~~~~~~~~~~~~~~~~~
buy 295.11							  		Mon, 18 May 2020 20:56:14

Ex: eTrade SYM: SPY Bar chart (min): 1 Open bars: 2 Clase Bars: 1
Mon, 18 May 2020 20:59:00
ACTION OPEN GAIN/(LOSS)	TOTAL BARSINPOS	TIME
~~~~~~~~~~~~~~~~~~~~~~~~~~~~~~~~~~~~~~~~~~~~~~~~~~~

Ex: eTrade SYM: BIDU Bar chart (min): 1 Open bars: 2 Clase Bars: 1
Mon, 18 May 2020 21:00:00
ACTION OPEN GAIN/(LOSS)	TOTAL BARSINPOS	TIME
~~~~~~~~~~~~~~~~~~~~~~~~~~~~~~~~~~~~~~~~~~~~~~~~~~~
sell 117.3							  		Mon, 18 May 2020 21:03:23
close	117.5 -0.20 -0.20		1   Mon, 18 May 2020 21:04:26
buy 117.5							  		Mon, 18 May 2020 21:05:13
close	117.39 -0.11 -0.31		7   Mon, 18 May 2020 21:12:16
buy 117.73							  		Mon, 18 May 2020 21:14:00
close	117.5 -0.23 -0.54		2   Mon, 18 May 2020 21:15:14
sell 117.47							  		Mon, 18 May 2020 21:16:28
close	116.56 0.91 0.37		2   Mon, 18 May 2020 21:18:16
sell 116.5							  		Mon, 18 May 2020 21:20:42
close	115.8 0.70 1.07		3   Mon, 18 May 2020 21:23:45
buy 116.4							  		Mon, 18 May 2020 21:24:17
close	115.95 -0.45 0.62		0   Mon, 18 May 2020 21:25:01
sell 116.0							  		Mon, 18 May 2020 21:27:43
close	116.3 -0.30 0.32		1   Mon, 18 May 2020 21:28:35
buy 116.31							  		Mon, 18 May 2020 21:31:00
close	116.3 -0.01 0.31		2   Mon, 18 May 2020 21:32:48
sell 116.3							  		Mon, 18 May 2020 21:34:16
close	116.55 -0.25 0.06		1   Mon, 18 May 2020 21:34:31
sell 116.1							  		Mon, 18 May 2020 21:35:36
close	116.25 -0.15 -0.09		1   Mon, 18 May 2020 21:37:00
buy 116.45							  		Mon, 18 May 2020 21:39:06
close	116.8 0.35 0.26		4   Mon, 18 May 2020 21:42:36
sell 116.35							  		Mon, 18 May 2020 21:43:38
close	116.49 -0.14 0.12		1   Mon, 18 May 2020 21:44:47
buy 116.85							  		Mon, 18 May 2020 21:45:44
close	116.5 -0.35 -0.23		1   Mon, 18 May 2020 21:46:56
sell 116.6							  		Mon, 18 May 2020 21:48:33
close	115.75 0.85 0.62		3   Mon, 18 May 2020 21:51:35
sell 116.14							  		Mon, 18 May 2020 21:54:51
close	116.27 -0.13 0.49		1   Mon, 18 May 2020 21:56:32
buy 116.4							  		Mon, 18 May 2020 21:57:49
close	116.17 -0.23 0.26		3   Mon, 18 May 2020 22:00:17
buy 116.38							  		Mon, 18 May 2020 22:01:11
close	116.2 -0.18 0.08		8   Mon, 18 May 2020 22:09:37
sell 116.29							  		Mon, 18 May 2020 22:10:23
close	116.29 0.00 0.08		4   Mon, 18 May 2020 22:15:01
sell 116.01							  		Mon, 18 May 2020 22:15:23
close	116.3 -0.29 -0.21		1   Mon, 18 May 2020 22:16:36

Ex: eTrade SYM: BIDU Bar chart (min): 1 Open bars: 2 Clase Bars: 1
Mon, 18 May 2020 22:26:00
ACTION OPEN GAIN/(LOSS)	TOTAL BARSINPOS	TIME
~~~~~~~~~~~~~~~~~~~~~~~~~~~~~~~~~~~~~~~~~~~~~~~~~~~
buy 116.7							  		Mon, 18 May 2020 22:29:12
close	117.4 0.70 0.70		1   Mon, 18 May 2020 22:30:29
sell 117.1							  		Mon, 18 May 2020 22:33:17
close	117.3 -0.20 0.50		3   Mon, 18 May 2020 22:36:32
sell 117.2							  		Mon, 18 May 2020 22:39:35
close	117.0 0.20 0.70		5   Mon, 18 May 2020 22:44:20
sell 116.84							  		Mon, 18 May 2020 22:45:29
close	116.85 -0.01 0.69		2   Mon, 18 May 2020 22:47:48
sell 116.75							  		Mon, 18 May 2020 22:49:16
close	116.85 -0.10 0.59		2   Mon, 18 May 2020 22:51:36
buy 116.85							  		Mon, 18 May 2020 22:52:30
close	116.7 -0.15 0.44		1   Mon, 18 May 2020 22:53:22
buy 116.8							  		Mon, 18 May 2020 22:56:24
close	116.75 -0.05 0.39		1   Mon, 18 May 2020 22:57:24

Ex: eTrade SYM: BIDU Bar chart (min): 1 Open bars: 2 Clase Bars: 1
Mon, 18 May 2020 22:59:00
ACTION OPEN GAIN/(LOSS)	TOTAL BARSINPOS	TIME
~~~~~~~~~~~~~~~~~~~~~~~~~~~~~~~~~~~~~~~~~~~~~~~~~~~
sell 116.52							  		Mon, 18 May 2020 23:03:12
close	116.6 -0.08 -0.08		1   Mon, 18 May 2020 23:04:12
sell 116.65							  		Mon, 18 May 2020 23:10:42
close	116.75 -0.10 -0.18		0   Mon, 18 May 2020 23:10:46
sell 116.65							  		Mon, 18 May 2020 23:12:49
close	116.48 0.17 -0.01		8   Mon, 18 May 2020 23:20:38
buy 116.5							  		Mon, 18 May 2020 23:22:10
close	116.47 -0.03 -0.04		1   Mon, 18 May 2020 23:22:21
sell 116.43							  		Mon, 18 May 2020 23:26:06
close	116.43 0.00 -0.04		3   Mon, 18 May 2020 23:28:40
buy 116.5							  		Mon, 18 May 2020 23:31:35
close	116.3 -0.20 -0.24		1   Mon, 18 May 2020 23:32:56
sell 116.3							  		Mon, 18 May 2020 23:33:34

Ex: eTrade SYM: BIDU Bar chart (min): 1 Open bars: 2 Clase Bars: 1
Tue, 19 May 2020 00:16:00
ACTION OPEN GAIN/(LOSS)	TOTAL BARSINPOS	TIME
~~~~~~~~~~~~~~~~~~~~~~~~~~~~~~~~~~~~~~~~~~~~~~~~~~~
