
Thu, 26 Apr 2018 01:19:00
SYM   OPEN    TIME CLOSE TREND GAIN/(LOSS) TOTAL $
~~~~~~~~~~~~~~~~~~~~~~~~~~~~~~~~~~~~~~~~~~~~~~~~

Ex: bitstamp SYM: btcusd Bar chart (min): 1 Open bars: 3 Clase Bars: 1
Sun, 29 Apr 2018 19:33:00
OPEN PRICE TOTAL GRAND TOTAL  TIME
~~~~~~~~~~~~~~~~~~~~~~~~~~~~~~~~~~~~~~~~~~~~

Ex: bitstamp SYM: btcusd Bar chart (min): 1 Open bars: 3 Clase Bars: 1
Sun, 29 Apr 2018 19:35:00
OPEN PRICE TOTAL GRAND TOTAL  TIME
~~~~~~~~~~~~~~~~~~~~~~~~~~~~~~~~~~~~~~~~~~~~
buy 9320.97                  Sun, 29 Apr 2018 19:47:45
close 9316.28 -4.69 -4.69 Sun, 29 Apr 2018 19:54:55
sell 9314.29                  Sun, 29 Apr 2018 19:58:38
close 9316.99 -2.70 -7.39 Sun, 29 Apr 2018 20:00:14
buy 9324.99                  Sun, 29 Apr 2018 20:05:00
close 9313.94 -11.05 -18.44 Sun, 29 Apr 2018 20:07:34
sell 9305.01                  Sun, 29 Apr 2018 20:10:30
close 9303.99 1.02 -17.42 Sun, 29 Apr 2018 20:15:09
sell 9297.03                  Sun, 29 Apr 2018 20:15:20
close 9307.62 -10.59 -28.01 Sun, 29 Apr 2018 20:16:15
buy 9307.84                  Sun, 29 Apr 2018 20:18:02
close 9304.97 -2.87 -30.88 Sun, 29 Apr 2018 20:20:54
sell 9303.96                  Sun, 29 Apr 2018 20:21:00
close 9288.31 15.65 -15.23 Sun, 29 Apr 2018 20:29:14
buy 9293.99                  Sun, 29 Apr 2018 20:30:55
close 9299.67 5.68 -9.55 Sun, 29 Apr 2018 20:35:05
sell 9295.5                  Sun, 29 Apr 2018 20:37:24
close 9285.45 10.05 0.50 Sun, 29 Apr 2018 20:47:19
buy 9292.91                  Sun, 29 Apr 2018 20:49:11
close 9302.88 9.97 10.47 Sun, 29 Apr 2018 20:57:42
sell 9300.01                  Sun, 29 Apr 2018 20:57:53
close 9307.98 -7.97 2.50 Sun, 29 Apr 2018 21:00:50
sell 9298.21                  Sun, 29 Apr 2018 21:02:13
close 9305.98 -7.77 -5.27 Sun, 29 Apr 2018 21:03:24
buy 9312.48                  Sun, 29 Apr 2018 21:05:14
close 9313.8 1.32 -3.95 Sun, 29 Apr 2018 21:08:34
buy 9322.55                  Sun, 29 Apr 2018 21:09:02
close 9313.13 -9.42 -13.37 Sun, 29 Apr 2018 21:10:08
buy 9322.99                  Sun, 29 Apr 2018 21:10:19
close 9313.7 -9.29 -22.66 Sun, 29 Apr 2018 21:10:36
sell 9313.7                  Sun, 29 Apr 2018 21:10:42
close 9326.34 -12.64 -35.30 Sun, 29 Apr 2018 21:11:38
sell 9314.58                  Sun, 29 Apr 2018 21:11:43
close 9330.0 -15.42 -50.72 Sun, 29 Apr 2018 21:16:49
buy 9330.99                  Sun, 29 Apr 2018 21:16:54
close 9328.0 -2.99 -53.71 Sun, 29 Apr 2018 21:30:32
sell 9326.03                  Sun, 29 Apr 2018 21:30:38
close 9340.0 -13.97 -67.68 Sun, 29 Apr 2018 21:30:55
sell 9322.05                  Sun, 29 Apr 2018 21:33:05
close 9336.73 -14.68 -82.36 Sun, 29 Apr 2018 21:34:49
sell 9325.11                  Sun, 29 Apr 2018 21:35:29
close 9337.4 -12.29 -94.65 Sun, 29 Apr 2018 21:37:03
buy 9337.47                  Sun, 29 Apr 2018 21:37:08
close 9324.32 -13.15 -107.80 Sun, 29 Apr 2018 21:47:20
sell 9324.32                  Sun, 29 Apr 2018 21:47:25
close 9333.81 -9.49 -117.29 Sun, 29 Apr 2018 21:48:04
sell 9326.95                  Sun, 29 Apr 2018 21:54:16
close 9324.99 1.96 -115.33 Sun, 29 Apr 2018 22:01:53
buy 9333.81                  Sun, 29 Apr 2018 22:03:44
close 9377.58 43.77 -71.56 Sun, 29 Apr 2018 22:19:40
buy 9390.0                  Sun, 29 Apr 2018 22:20:30
close 9376.42 -13.58 -85.14 Sun, 29 Apr 2018 22:22:05
buy 9389.9                  Sun, 29 Apr 2018 22:22:11
close 9376.44 -13.46 -98.60 Sun, 29 Apr 2018 22:23:17
sell 9376.84                  Sun, 29 Apr 2018 22:23:50
close 9385.3 -8.46 -107.06 Sun, 29 Apr 2018 22:26:53
buy 9402.38                  Sun, 29 Apr 2018 22:36:15
close 9376.87 -25.51 -132.57 Sun, 29 Apr 2018 22:39:26
buy 9405.28                  Sun, 29 Apr 2018 22:42:14
close 9408.77 3.49 -129.08 Sun, 29 Apr 2018 22:46:36
buy 9415.98                  Sun, 29 Apr 2018 22:46:57
close 9409.58 -6.40 -135.48 Sun, 29 Apr 2018 22:48:04
buy 9418.86                  Sun, 29 Apr 2018 22:49:05
close 9414.13 -4.73 -140.21 Sun, 29 Apr 2018 22:52:04
buy 9420.39                  Sun, 29 Apr 2018 22:52:15
close 9406.54 -13.85 -154.06 Sun, 29 Apr 2018 22:52:55
sell 9406.54                  Sun, 29 Apr 2018 22:53:00
close 9399.73 6.81 -147.25 Sun, 29 Apr 2018 22:57:01
sell 9387.2                  Sun, 29 Apr 2018 23:02:59
close 9390.85 -3.65 -150.90 Sun, 29 Apr 2018 23:05:44
sell 9381.06                  Sun, 29 Apr 2018 23:06:01
close 9394.85 -13.79 -164.69 Sun, 29 Apr 2018 23:07:59
buy 9394.85                  Sun, 29 Apr 2018 23:08:05
close 9404.74 9.89 -154.80 Sun, 29 Apr 2018 23:14:46
sell 9400.35                  Sun, 29 Apr 2018 23:15:42
close 9415.4 -15.05 -169.85 Sun, 29 Apr 2018 23:17:12
sell 9408.5                  Sun, 29 Apr 2018 23:17:56
close 9419.0 -10.50 -180.35 Sun, 29 Apr 2018 23:25:26
buy 9419.0                  Sun, 29 Apr 2018 23:25:32
close 9412.55 -6.45 -186.80 Sun, 29 Apr 2018 23:29:56
buy 9419.09                  Sun, 29 Apr 2018 23:30:01
close 9413.0 -6.09 -192.89 Sun, 29 Apr 2018 23:31:03
sell 9405.52                  Sun, 29 Apr 2018 23:31:25
close 9397.93 7.59 -185.30 Sun, 29 Apr 2018 23:33:32
sell 9385.89                  Sun, 29 Apr 2018 23:34:17
close 9393.17 -7.28 -192.58 Sun, 29 Apr 2018 23:34:40
sell 9385.0                  Sun, 29 Apr 2018 23:35:18
close 9388.89 -3.89 -196.47 Sun, 29 Apr 2018 23:35:29
sell 9382.81                  Sun, 29 Apr 2018 23:36:37
close 9393.35 -10.54 -207.01 Sun, 29 Apr 2018 23:37:45
buy 9393.35                  Sun, 29 Apr 2018 23:37:51
close 9387.57 -5.78 -212.79 Sun, 29 Apr 2018 23:38:52
buy 9397.32                  Sun, 29 Apr 2018 23:38:57
close 9386.68 -10.64 -223.43 Sun, 29 Apr 2018 23:40:10
buy 9400.0                  Sun, 29 Apr 2018 23:41:56
close 9393.98 -6.02 -229.45 Sun, 29 Apr 2018 23:43:47
sell 9390.99                  Sun, 29 Apr 2018 23:44:49
close 9398.64 -7.65 -237.10 Sun, 29 Apr 2018 23:50:00
sell 9393.01                  Sun, 29 Apr 2018 23:50:17
close 9404.08 -11.07 -248.17 Sun, 29 Apr 2018 23:50:56
buy 9403.18                  Sun, 29 Apr 2018 23:51:02
close 9394.01 -9.17 -257.34 Sun, 29 Apr 2018 23:53:20
buy 9410.99                  Sun, 29 Apr 2018 23:53:42
close 9395.29 -15.70 -273.04 Sun, 29 Apr 2018 23:57:25
sell 9392.45                  Sun, 29 Apr 2018 23:57:30
close 9402.55 -10.10 -283.14 Mon, 30 Apr 2018 00:00:12
buy 9409.87                  Mon, 30 Apr 2018 00:00:50
close 9407.13 -2.74 -285.88 Mon, 30 Apr 2018 00:17:23
sell 9407.04                  Mon, 30 Apr 2018 00:18:13
close 9390.16 16.88 -269.00 Mon, 30 Apr 2018 00:25:10
sell 9380.0                  Mon, 30 Apr 2018 00:25:21
close 9378.99 1.01 -267.99 Mon, 30 Apr 2018 00:30:28
buy 9383.75                  Mon, 30 Apr 2018 00:30:45

Ex: bitstamp SYM: bchusd Bar chart (min): 10 Open bars: 2 Clase Bars: 1
Tue, 01 May 2018 07:20:00
ACTION OPEN GAIN/(LOSS)  TOTAL  TIME
~~~~~~~~~~~~~~~~~~~~~~~~~~~~~~~~~~~~~~~~~~~~

Ex: bitstamp SYM: bchusd Bar chart (min): 10 Open bars: 2 Clase Bars: 1
Tue, 01 May 2018 07:26:01
ACTION OPEN GAIN/(LOSS)  TOTAL  TIME
~~~~~~~~~~~~~~~~~~~~~~~~~~~~~~~~~~~~~~~~~~~~
buy 1303.99                  Tue, 01 May 2018 08:17:51
close  1320.99 17.00 17.00 Tue, 01 May 2018 09:13:29
sell 1320.99                  Tue, 01 May 2018 09:13:47
close  1313.99 7.00 24.00 Tue, 01 May 2018 09:43:17
buy 1313.99                  Tue, 01 May 2018 09:43:21
close  1301.54 -12.45 11.55 Tue, 01 May 2018 09:57:17
sell 1301.54                  Tue, 01 May 2018 09:57:21
close  1304.28 -2.74 8.81 Tue, 01 May 2018 10:21:53
buy 1304.28                  Tue, 01 May 2018 10:21:58
close  1314.12 9.84 18.65 Tue, 01 May 2018 11:20:47
sell 1314.12                  Tue, 01 May 2018 11:20:52
close  1280.99 33.13 51.78 Tue, 01 May 2018 12:41:36
buy 1280.99                  Tue, 01 May 2018 12:41:41
close  1282.76 1.77 53.55 Tue, 01 May 2018 13:01:11
sell 1282.76                  Tue, 01 May 2018 13:01:16
close  1286.88 -4.12 49.43 Tue, 01 May 2018 13:14:53
buy 1286.88                  Tue, 01 May 2018 13:14:57
close  1285.34 -1.54 47.89 Tue, 01 May 2018 13:36:19
sell 1285.34                  Tue, 01 May 2018 13:36:24
close  1287.42 -2.08 45.81 Tue, 01 May 2018 13:44:16
buy 1287.42                  Tue, 01 May 2018 13:44:21
