
Thu, 26 Apr 2018 23:07:45
SYM   OPEN    TIME CLOSE TREND GAIN/(LOSS) TOTAL $
~~~~~~~~~~~~~~~~~~~~~~~~~~~~~~~~~~~~~~~~~~~~~~~~

Thu, 26 Apr 2018 23:10:03
SYM   OPEN    TIME CLOSE TREND GAIN/(LOSS) TOTAL $
~~~~~~~~~~~~~~~~~~~~~~~~~~~~~~~~~~~~~~~~~~~~~~~~

Thu, 26 Apr 2018 23:11:57
SYM   OPEN    TIME CLOSE TREND GAIN/(LOSS) TOTAL $
~~~~~~~~~~~~~~~~~~~~~~~~~~~~~~~~~~~~~~~~~~~~~~~~

Thu, 26 Apr 2018 23:13:22
SYM   OPEN    TIME CLOSE TREND GAIN/(LOSS) TOTAL $
~~~~~~~~~~~~~~~~~~~~~~~~~~~~~~~~~~~~~~~~~~~~~~~~

Thu, 26 Apr 2018 23:14:02
SYM   OPEN    TIME CLOSE TREND GAIN/(LOSS) TOTAL $
~~~~~~~~~~~~~~~~~~~~~~~~~~~~~~~~~~~~~~~~~~~~~~~~

Thu, 26 Apr 2018 23:14:57
SYM   OPEN    TIME CLOSE TREND GAIN/(LOSS) TOTAL $
~~~~~~~~~~~~~~~~~~~~~~~~~~~~~~~~~~~~~~~~~~~~~~~~

Thu, 26 Apr 2018 23:16:56
SYM   OPEN    TIME CLOSE TREND GAIN/(LOSS) TOTAL $
~~~~~~~~~~~~~~~~~~~~~~~~~~~~~~~~~~~~~~~~~~~~~~~~

Thu, 26 Apr 2018 23:18:12
SYM   OPEN    TIME CLOSE TREND GAIN/(LOSS) TOTAL $
~~~~~~~~~~~~~~~~~~~~~~~~~~~~~~~~~~~~~~~~~~~~~~~~

Thu, 26 Apr 2018 23:18:30
SYM   OPEN    TIME CLOSE TREND GAIN/(LOSS) TOTAL $
~~~~~~~~~~~~~~~~~~~~~~~~~~~~~~~~~~~~~~~~~~~~~~~~

Thu, 26 Apr 2018 23:19:12
SYM   OPEN    TIME CLOSE TREND GAIN/(LOSS) TOTAL $
~~~~~~~~~~~~~~~~~~~~~~~~~~~~~~~~~~~~~~~~~~~~~~~~

Thu, 26 Apr 2018 23:20:21
SYM   OPEN    TIME CLOSE TREND GAIN/(LOSS) TOTAL $
~~~~~~~~~~~~~~~~~~~~~~~~~~~~~~~~~~~~~~~~~~~~~~~~

Thu, 26 Apr 2018 23:21:01
SYM   OPEN    TIME CLOSE TREND GAIN/(LOSS) TOTAL $
~~~~~~~~~~~~~~~~~~~~~~~~~~~~~~~~~~~~~~~~~~~~~~~~

Thu, 26 Apr 2018 23:22:46
SYM   OPEN    TIME CLOSE TREND GAIN/(LOSS) TOTAL $
~~~~~~~~~~~~~~~~~~~~~~~~~~~~~~~~~~~~~~~~~~~~~~~~

Thu, 26 Apr 2018 23:24:57
SYM   OPEN    TIME CLOSE TREND GAIN/(LOSS) TOTAL $
~~~~~~~~~~~~~~~~~~~~~~~~~~~~~~~~~~~~~~~~~~~~~~~~
btcusd buy 9221.7 Thu, 26 Apr 2018 23:25:34 0.00

Thu, 26 Apr 2018 23:28:48
SYM   OPEN    TIME CLOSE TREND GAIN/(LOSS) TOTAL $
~~~~~~~~~~~~~~~~~~~~~~~~~~~~~~~~~~~~~~~~~~~~~~~~
btcusd buy 9254.39 Thu, 26 Apr 2018 23:29:26 0.00

Thu, 26 Apr 2018 23:31:36
SYM   OPEN    TIME CLOSE TREND GAIN/(LOSS) TOTAL $
~~~~~~~~~~~~~~~~~~~~~~~~~~~~~~~~~~~~~~~~~~~~~~~~
btcusd buy 9266.99 Thu, 26 Apr 2018 23:32:13 0.00

Thu, 26 Apr 2018 23:34:34
SYM   OPEN    TIME CLOSE TREND GAIN/(LOSS) TOTAL $
~~~~~~~~~~~~~~~~~~~~~~~~~~~~~~~~~~~~~~~~~~~~~~~~
btcusd buy 9269.2 Thu, 26 Apr 2018 23:35:12 0.00
btcusd close 9258.33 Thu, 26 Apr 2018 23:35:22 10.87

Thu, 26 Apr 2018 23:37:18
SYM   OPEN    TIME CLOSE TREND GAIN/(LOSS) TOTAL $
~~~~~~~~~~~~~~~~~~~~~~~~~~~~~~~~~~~~~~~~~~~~~~~~

Thu, 26 Apr 2018 23:43:55
SYM   OPEN    TIME CLOSE TREND GAIN/(LOSS) TOTAL $
~~~~~~~~~~~~~~~~~~~~~~~~~~~~~~~~~~~~~~~~~~~~~~~~

Thu, 26 Apr 2018 23:45:03
SYM   OPEN    TIME CLOSE TREND GAIN/(LOSS) TOTAL $
~~~~~~~~~~~~~~~~~~~~~~~~~~~~~~~~~~~~~~~~~~~~~~~~

Thu, 26 Apr 2018 23:46:40
SYM   OPEN    TIME CLOSE TREND GAIN/(LOSS) TOTAL $
~~~~~~~~~~~~~~~~~~~~~~~~~~~~~~~~~~~~~~~~~~~~~~~~

Thu, 26 Apr 2018 23:54:06
SYM   OPEN    TIME CLOSE TREND GAIN/(LOSS) TOTAL $
~~~~~~~~~~~~~~~~~~~~~~~~~~~~~~~~~~~~~~~~~~~~~~~~

Thu, 26 Apr 2018 23:56:49
SYM   OPEN    TIME CLOSE TREND GAIN/(LOSS) TOTAL $
~~~~~~~~~~~~~~~~~~~~~~~~~~~~~~~~~~~~~~~~~~~~~~~~

Thu, 26 Apr 2018 23:58:29
SYM   OPEN    TIME CLOSE TREND GAIN/(LOSS) TOTAL $
~~~~~~~~~~~~~~~~~~~~~~~~~~~~~~~~~~~~~~~~~~~~~~~~

Fri, 27 Apr 2018 00:01:08
SYM   OPEN    TIME CLOSE TREND GAIN/(LOSS) TOTAL $
~~~~~~~~~~~~~~~~~~~~~~~~~~~~~~~~~~~~~~~~~~~~~~~~

Fri, 27 Apr 2018 00:01:26
SYM   OPEN    TIME CLOSE TREND GAIN/(LOSS) TOTAL $
~~~~~~~~~~~~~~~~~~~~~~~~~~~~~~~~~~~~~~~~~~~~~~~~

Fri, 27 Apr 2018 00:02:32
SYM   OPEN    TIME CLOSE TREND GAIN/(LOSS) TOTAL $
~~~~~~~~~~~~~~~~~~~~~~~~~~~~~~~~~~~~~~~~~~~~~~~~

Fri, 27 Apr 2018 00:03:59
SYM   OPEN    TIME CLOSE TREND GAIN/(LOSS) TOTAL $
~~~~~~~~~~~~~~~~~~~~~~~~~~~~~~~~~~~~~~~~~~~~~~~~
btcusd buy 9273.43 Fri, 27 Apr 2018 00:04:46 0.00
btcusd close 9266.01 Fri, 27 Apr 2018 00:05:17 7.42

Fri, 27 Apr 2018 00:14:01
SYM   OPEN    TIME CLOSE TREND GAIN/(LOSS) TOTAL $
~~~~~~~~~~~~~~~~~~~~~~~~~~~~~~~~~~~~~~~~~~~~~~~~
btcusd buy 9240.76 Fri, 27 Apr 2018 00:14:49 0.00
btcusd close 9240.76 Fri, 27 Apr 2018 00:14:49 0.00
btcusd buy 9240.93 Fri, 27 Apr 2018 00:15:10 0.00

Fri, 27 Apr 2018 00:20:32
SYM   OPEN    TIME CLOSE TREND GAIN/(LOSS) TOTAL $
~~~~~~~~~~~~~~~~~~~~~~~~~~~~~~~~~~~~~~~~~~~~~~~~

Fri, 27 Apr 2018 00:21:25
SYM   OPEN    TIME CLOSE TREND GAIN/(LOSS) TOTAL $
~~~~~~~~~~~~~~~~~~~~~~~~~~~~~~~~~~~~~~~~~~~~~~~~
btcusd sell 9268.88 Fri, 27 Apr 2018 00:22:12 0.00
btcusd close 9275.99 Fri, 27 Apr 2018 00:22:33 -7.11
btcusd sell 9268.88 Fri, 27 Apr 2018 00:22:54 0.00

Fri, 27 Apr 2018 00:29:04
SYM   OPEN    TIME CLOSE TREND GAIN/(LOSS) TOTAL $
~~~~~~~~~~~~~~~~~~~~~~~~~~~~~~~~~~~~~~~~~~~~~~~~
btcusd sell 9248.21 Fri, 27 Apr 2018 00:30:02 0.00
btcusd close 9253.39 Fri, 27 Apr 2018 00:30:12 -5.18

Fri, 27 Apr 2018 00:32:46
SYM   OPEN    TIME CLOSE TREND GAIN/(LOSS) TOTAL $
~~~~~~~~~~~~~~~~~~~~~~~~~~~~~~~~~~~~~~~~~~~~~~~~
btcusd sell 9251.68 Fri, 27 Apr 2018 00:33:33 0.00
btcusd close 9261.4 Fri, 27 Apr 2018 00:34:15 -9.72

Fri, 27 Apr 2018 00:39:01
SYM   OPEN    TIME CLOSE TREND GAIN/(LOSS) TOTAL $
~~~~~~~~~~~~~~~~~~~~~~~~~~~~~~~~~~~~~~~~~~~~~~~~
btcusd sell 9229.24 Fri, 27 Apr 2018 00:39:38 0.00
btcusd close 9234.29 Fri, 27 Apr 2018 00:40:41 -5.05

Fri, 27 Apr 2018 00:44:31
SYM   OPEN    TIME CLOSE TREND GAIN/(LOSS) TOTAL $
~~~~~~~~~~~~~~~~~~~~~~~~~~~~~~~~~~~~~~~~~~~~~~~~
btcusd buy 9227.42 Fri, 27 Apr 2018 00:45:18 0.00
btcusd close 9232.64 Fri, 27 Apr 2018 00:45:38 -5.22
btcusd sell 9226.9 Fri, 27 Apr 2018 00:45:59 0.00
btcusd close 9240.07 Fri, 27 Apr 2018 00:46:25 -13.17
btcusd buy 9237.48 Fri, 27 Apr 2018 00:46:56 0.00

Fri, 27 Apr 2018 00:48:46
SYM   OPEN    TIME CLOSE TREND GAIN/(LOSS) TOTAL $
~~~~~~~~~~~~~~~~~~~~~~~~~~~~~~~~~~~~~~~~~~~~~~~~
btcusd buy 9254.68 Fri, 27 Apr 2018 00:49:34 0.00
btcusd close 9244.93 Fri, 27 Apr 2018 00:50:15 9.75

Fri, 27 Apr 2018 00:52:35
SYM   OPEN    TIME CLOSE TREND GAIN/(LOSS) TOTAL $
~~~~~~~~~~~~~~~~~~~~~~~~~~~~~~~~~~~~~~~~~~~~~~~~
btcusd buy 9254.31 Fri, 27 Apr 2018 00:53:22 0.00
btcusd close 9252.02 Fri, 27 Apr 2018 00:53:43 2.29

Fri, 27 Apr 2018 01:06:20
SYM   OPEN    TIME CLOSE TREND GAIN/(LOSS) TOTAL $
~~~~~~~~~~~~~~~~~~~~~~~~~~~~~~~~~~~~~~~~~~~~~~~~

Fri, 27 Apr 2018 01:07:26
SYM   OPEN    TIME CLOSE TREND GAIN/(LOSS) TOTAL $
~~~~~~~~~~~~~~~~~~~~~~~~~~~~~~~~~~~~~~~~~~~~~~~~
btcusd sell 9262.14 Fri, 27 Apr 2018 01:08:18 0.00
btcusd close 9246.33 Fri, 27 Apr 2018 01:09:32 15.81

Fri, 27 Apr 2018 01:21:23
SYM   OPEN    TIME CLOSE TREND GAIN/(LOSS) TOTAL $
~~~~~~~~~~~~~~~~~~~~~~~~~~~~~~~~~~~~~~~~~~~~~~~~
btcusd buy 9295.59 Fri, 27 Apr 2018 01:22:10 0.00

Fri, 27 Apr 2018 01:32:49
SYM   OPEN    TIME CLOSE TREND GAIN/(LOSS) TOTAL $
~~~~~~~~~~~~~~~~~~~~~~~~~~~~~~~~~~~~~~~~~~~~~~~~

Fri, 27 Apr 2018 01:34:00
SYM   OPEN    TIME CLOSE TREND GAIN/(LOSS) TOTAL $
~~~~~~~~~~~~~~~~~~~~~~~~~~~~~~~~~~~~~~~~~~~~~~~~

Fri, 27 Apr 2018 01:35:02
SYM   OPEN    TIME CLOSE TREND GAIN/(LOSS) TOTAL $
~~~~~~~~~~~~~~~~~~~~~~~~~~~~~~~~~~~~~~~~~~~~~~~~
btcusd buy 9257.36 Fri, 27 Apr 2018 01:35:50 0.00
btcusd close 9250.18 Fri, 27 Apr 2018 01:36:11 7.18

Fri, 27 Apr 2018 01:42:15
SYM   OPEN    TIME CLOSE TREND GAIN/(LOSS) TOTAL $
~~~~~~~~~~~~~~~~~~~~~~~~~~~~~~~~~~~~~~~~~~~~~~~~
btcusd buy 9256.18 Fri, 27 Apr 2018 01:43:02 0.00
btcusd close 9260.99 Fri, 27 Apr 2018 01:43:12 -4.81
btcusd sell 9255.42 Fri, 27 Apr 2018 01:43:23 0.00

Fri, 27 Apr 2018 01:44:54
SYM   OPEN    TIME CLOSE TREND GAIN/(LOSS) TOTAL $
~~~~~~~~~~~~~~~~~~~~~~~~~~~~~~~~~~~~~~~~~~~~~~~~

Fri, 27 Apr 2018 01:47:11
SYM   OPEN    TIME CLOSE TREND GAIN/(LOSS) TOTAL $
~~~~~~~~~~~~~~~~~~~~~~~~~~~~~~~~~~~~~~~~~~~~~~~~
btcusd sell 9253.92 Fri, 27 Apr 2018 01:47:58 0.00
btcusd close 9252.29 Fri, 27 Apr 2018 01:48:19 1.63
btcusd sell 9249.86 Fri, 27 Apr 2018 01:49:11 0.00
btcusd close 9239.84 Fri, 27 Apr 2018 01:51:05 10.02

Fri, 27 Apr 2018 01:54:09
SYM   OPEN    TIME CLOSE TREND GAIN/(LOSS) TOTAL $
~~~~~~~~~~~~~~~~~~~~~~~~~~~~~~~~~~~~~~~~~~~~~~~~

Fri, 27 Apr 2018 02:05:02
SYM   OPEN    TIME CLOSE TREND GAIN/(LOSS) TOTAL $
~~~~~~~~~~~~~~~~~~~~~~~~~~~~~~~~~~~~~~~~~~~~~~~~

Fri, 27 Apr 2018 02:07:51
SYM   OPEN    TIME CLOSE TREND GAIN/(LOSS) TOTAL $
~~~~~~~~~~~~~~~~~~~~~~~~~~~~~~~~~~~~~~~~~~~~~~~~
btcusd sell 9250.44 Fri, 27 Apr 2018 02:08:28 0.00
btcusd close 9257.59 Fri, 27 Apr 2018 02:08:38 -7.15
btcusd sell 9259.25 Fri, 27 Apr 2018 02:08:59 0.00

Fri, 27 Apr 2018 02:10:46
SYM   OPEN    TIME CLOSE TREND GAIN/(LOSS) TOTAL $
~~~~~~~~~~~~~~~~~~~~~~~~~~~~~~~~~~~~~~~~~~~~~~~~
btcusd buy 9266.15 Fri, 27 Apr 2018 02:15:00 0.00

Fri, 27 Apr 2018 02:30:48
SYM   OPEN    TIME CLOSE TREND GAIN/(LOSS) TOTAL $
~~~~~~~~~~~~~~~~~~~~~~~~~~~~~~~~~~~~~~~~~~~~~~~~
btcusd buy 9270.58 Fri, 27 Apr 2018 02:32:56 0.00
btcusd close 9269.1 Fri, 27 Apr 2018 02:33:27 1.48
btcusd sell 9265.77 Fri, 27 Apr 2018 02:33:38 0.00
btcusd close 9272.71 Fri, 27 Apr 2018 02:33:48 -6.94
btcusd sell 9265.78 Fri, 27 Apr 2018 02:33:58 0.00
btcusd close 9269.47 Fri, 27 Apr 2018 02:34:19 -3.69
btcusd buy 9270.1 Fri, 27 Apr 2018 02:34:40 0.00
btcusd close 9270.1 Fri, 27 Apr 2018 02:34:51 0.00
btcusd buy 9271.99 Fri, 27 Apr 2018 02:35:01 0.00
btcusd close 9275.79 Fri, 27 Apr 2018 02:35:12 -3.80

Fri, 27 Apr 2018 02:43:28
SYM   OPEN    TIME CLOSE TREND GAIN/(LOSS) TOTAL $
~~~~~~~~~~~~~~~~~~~~~~~~~~~~~~~~~~~~~~~~~~~~~~~~

Fri, 27 Apr 2018 02:46:27
SYM   OPEN    TIME CLOSE TREND GAIN/(LOSS) TOTAL $
~~~~~~~~~~~~~~~~~~~~~~~~~~~~~~~~~~~~~~~~~~~~~~~~
btcusd sell 9254.55 Fri, 27 Apr 2018 02:48:47 0.00
btcusd close 9257.44 Fri, 27 Apr 2018 02:49:17 -2.89
btcusd buy 9262.8 Fri, 27 Apr 2018 02:49:57 0.00
btcusd close 9258.76 Fri, 27 Apr 2018 02:51:07 4.04
btcusd buy 9267.98 Fri, 27 Apr 2018 02:51:27 0.00
btcusd close 9259.31 Fri, 27 Apr 2018 02:52:02 8.67
btcusd buy 9268.04 Fri, 27 Apr 2018 02:52:42 0.00
btcusd close 9270.0 Fri, 27 Apr 2018 02:54:43 -1.96

Fri, 27 Apr 2018 03:04:00
SYM   OPEN    TIME CLOSE TREND GAIN/(LOSS) TOTAL $
~~~~~~~~~~~~~~~~~~~~~~~~~~~~~~~~~~~~~~~~~~~~~~~~
btcusd buy 9248.04 Fri, 27 Apr 2018 03:06:26 0.00
btcusd close 9248.04 Fri, 27 Apr 2018 03:06:26 0.00
btcusd buy 9248.05 Fri, 27 Apr 2018 03:06:46 0.00
btcusd close 9248.05 Fri, 27 Apr 2018 03:06:46 0.00

Fri, 27 Apr 2018 03:08:47
SYM   OPEN    TIME CLOSE TREND GAIN/(LOSS) TOTAL $
~~~~~~~~~~~~~~~~~~~~~~~~~~~~~~~~~~~~~~~~~~~~~~~~
btcusd sell 9221.86 Fri, 27 Apr 2018 03:10:18 0.00
btcusd close 9221.86 Fri, 27 Apr 2018 03:10:18 0.00

Fri, 27 Apr 2018 03:13:35
SYM   OPEN    TIME CLOSE TREND GAIN/(LOSS) TOTAL $
~~~~~~~~~~~~~~~~~~~~~~~~~~~~~~~~~~~~~~~~~~~~~~~~

Fri, 27 Apr 2018 03:15:43
SYM   OPEN    TIME CLOSE TREND GAIN/(LOSS) TOTAL $
~~~~~~~~~~~~~~~~~~~~~~~~~~~~~~~~~~~~~~~~~~~~~~~~
btcusd buy 9245.71 Fri, 27 Apr 2018 03:16:54 0.00
btcusd close 9227.64 Fri, 27 Apr 2018 03:17:20 18.07

Fri, 27 Apr 2018 03:22:26
SYM   OPEN    TIME CLOSE TREND GAIN/(LOSS) TOTAL $
~~~~~~~~~~~~~~~~~~~~~~~~~~~~~~~~~~~~~~~~~~~~~~~~
btcusd buy 9239.89 Fri, 27 Apr 2018 03:26:59 0.00
btcusd close 9235.81 Fri, 27 Apr 2018 03:29:48 4.08
btcusd buy 9243.97 Fri, 27 Apr 2018 03:30:51 0.00
btcusd close 9234.1 Fri, 27 Apr 2018 03:31:24 9.87

Fri, 27 Apr 2018 03:32:19
SYM   OPEN    TIME CLOSE TREND GAIN/(LOSS) TOTAL $
~~~~~~~~~~~~~~~~~~~~~~~~~~~~~~~~~~~~~~~~~~~~~~~~
btcusd sell 9220.17 Fri, 27 Apr 2018 03:38:46 0.00
btcusd close 9219.77 Fri, 27 Apr 2018 03:40:45 0.40

Fri, 27 Apr 2018 03:43:59
SYM   OPEN    TIME CLOSE TREND GAIN/(LOSS) TOTAL $
~~~~~~~~~~~~~~~~~~~~~~~~~~~~~~~~~~~~~~~~~~~~~~~~

Fri, 27 Apr 2018 03:49:14
SYM   OPEN    TIME CLOSE TREND GAIN/(LOSS) TOTAL $
~~~~~~~~~~~~~~~~~~~~~~~~~~~~~~~~~~~~~~~~~~~~~~~~

Fri, 27 Apr 2018 03:49:40
SYM   OPEN    TIME CLOSE TREND GAIN/(LOSS) TOTAL $
~~~~~~~~~~~~~~~~~~~~~~~~~~~~~~~~~~~~~~~~~~~~~~~~

Fri, 27 Apr 2018 03:51:08
SYM   OPEN    TIME CLOSE TREND GAIN/(LOSS) TOTAL $
~~~~~~~~~~~~~~~~~~~~~~~~~~~~~~~~~~~~~~~~~~~~~~~~
btcusd sell 9188.54 Fri, 27 Apr 2018 03:52:58 0.00
btcusd close 9199.99 Fri, 27 Apr 2018 03:53:33 -11.45
btcusd sell 9183.8 Fri, 27 Apr 2018 03:53:53 0.00
btcusd close 9188.21 Fri, 27 Apr 2018 03:55:06 -4.41
btcusd sell 9178.1 Fri, 27 Apr 2018 03:55:46 0.00

Fri, 27 Apr 2018 03:59:06
SYM   OPEN    TIME CLOSE TREND GAIN/(LOSS) TOTAL $
~~~~~~~~~~~~~~~~~~~~~~~~~~~~~~~~~~~~~~~~~~~~~~~~
btcusd sell 9154.6 Fri, 27 Apr 2018 04:00:26 0.00
btcusd close 9159.88 Fri, 27 Apr 2018 04:00:51 -5.28

Fri, 27 Apr 2018 04:03:42
SYM   OPEN    TIME CLOSE TREND GAIN/(LOSS) TOTAL $
~~~~~~~~~~~~~~~~~~~~~~~~~~~~~~~~~~~~~~~~~~~~~~~~
btcusd buy 9194.99 Fri, 27 Apr 2018 04:08:10 0.00
btcusd close 9185.44 Fri, 27 Apr 2018 04:09:23 9.55
btcusd sell 9185.88 Fri, 27 Apr 2018 04:12:13 0.00
btcusd close 9188.8 Fri, 27 Apr 2018 04:14:53 -2.92
btcusd sell 9173.51 Fri, 27 Apr 2018 04:15:32 0.00
btcusd close 9181.98 Fri, 27 Apr 2018 04:16:26 -8.47

Fri, 27 Apr 2018 04:17:59
SYM   OPEN    TIME CLOSE TREND GAIN/(LOSS) TOTAL $
~~~~~~~~~~~~~~~~~~~~~~~~~~~~~~~~~~~~~~~~~~~~~~~~
btcusd buy 9201.99 Fri, 27 Apr 2018 04:22:22 0.00

Fri, 27 Apr 2018 04:35:45
SYM   OPEN    TIME CLOSE TREND GAIN/(LOSS) TOTAL $
~~~~~~~~~~~~~~~~~~~~~~~~~~~~~~~~~~~~~~~~~~~~~~~~

Fri, 27 Apr 2018 04:37:26
SYM   OPEN    TIME CLOSE TREND GAIN/(LOSS) TOTAL $
~~~~~~~~~~~~~~~~~~~~~~~~~~~~~~~~~~~~~~~~~~~~~~~~

Fri, 27 Apr 2018 04:41:57
SYM   OPEN    TIME CLOSE TREND GAIN/(LOSS) TOTAL $
~~~~~~~~~~~~~~~~~~~~~~~~~~~~~~~~~~~~~~~~~~~~~~~~

Fri, 27 Apr 2018 04:47:08
SYM   OPEN    TIME CLOSE TREND GAIN/(LOSS) TOTAL $
~~~~~~~~~~~~~~~~~~~~~~~~~~~~~~~~~~~~~~~~~~~~~~~~

Fri, 27 Apr 2018 04:50:36
SYM   OPEN    TIME CLOSE TREND GAIN/(LOSS) TOTAL $
~~~~~~~~~~~~~~~~~~~~~~~~~~~~~~~~~~~~~~~~~~~~~~~~
btcusd sell 9222.79 Fri, 27 Apr 2018 04:51:27 0.00
btcusd close 9217.0 Fri, 27 Apr 2018 04:53:30 5.79

Fri, 27 Apr 2018 04:56:34
SYM   OPEN    TIME CLOSE TREND GAIN/(LOSS) TOTAL $
~~~~~~~~~~~~~~~~~~~~~~~~~~~~~~~~~~~~~~~~~~~~~~~~

Fri, 27 Apr 2018 05:11:41
SYM   OPEN    TIME CLOSE TREND GAIN/(LOSS) TOTAL $
~~~~~~~~~~~~~~~~~~~~~~~~~~~~~~~~~~~~~~~~~~~~~~~~

Fri, 27 Apr 2018 05:28:05
SYM   OPEN    TIME CLOSE TREND GAIN/(LOSS) TOTAL $
~~~~~~~~~~~~~~~~~~~~~~~~~~~~~~~~~~~~~~~~~~~~~~~~

Fri, 27 Apr 2018 05:34:22
SYM   OPEN    TIME CLOSE TREND GAIN/(LOSS) TOTAL $
~~~~~~~~~~~~~~~~~~~~~~~~~~~~~~~~~~~~~~~~~~~~~~~~
btcusd buy 9204.15 Fri, 27 Apr 2018 05:36:59 0.00
btcusd close 9198.28 Fri, 27 Apr 2018 05:38:13 5.87
btcusd sell 9200.4 Fri, 27 Apr 2018 05:39:02 0.00
btcusd close 9208.54 Fri, 27 Apr 2018 05:39:58 -8.14
btcusd buy 9214.1 Fri, 27 Apr 2018 05:40:23 0.00

Fri, 27 Apr 2018 05:41:16
SYM   OPEN    TIME CLOSE TREND GAIN/(LOSS) TOTAL $
~~~~~~~~~~~~~~~~~~~~~~~~~~~~~~~~~~~~~~~~~~~~~~~~

Fri, 27 Apr 2018 05:46:24
SYM   OPEN    TIME CLOSE TREND GAIN/(LOSS) TOTAL $
~~~~~~~~~~~~~~~~~~~~~~~~~~~~~~~~~~~~~~~~~~~~~~~~
btcusd sell 9190.83 Fri, 27 Apr 2018 05:49:06 0.00
btcusd close 9200.65 Fri, 27 Apr 2018 05:49:10 -9.82
btcusd sell 9177.62 Fri, 27 Apr 2018 05:54:26 0.00
btcusd close 9179.43 Fri, 27 Apr 2018 05:55:05 -1.81
btcusd buy 9191.73 Fri, 27 Apr 2018 05:55:54 0.00
btcusd close 9170.25 Fri, 27 Apr 2018 05:57:41 21.48
btcusd sell 9182.73 Fri, 27 Apr 2018 06:05:03 0.00
btcusd close 9186.52 Fri, 27 Apr 2018 06:08:43 -3.79
btcusd buy 9216.2 Fri, 27 Apr 2018 06:11:29 0.00
btcusd close 9212.24 Fri, 27 Apr 2018 06:12:09 3.96
btcusd buy 9219.7 Fri, 27 Apr 2018 06:12:53 0.00
btcusd close 9210.8 Fri, 27 Apr 2018 06:13:12 8.90
btcusd buy 9223.71 Fri, 27 Apr 2018 06:13:57 0.00

Fri, 27 Apr 2018 06:16:51
SYM   OPEN    TIME CLOSE TREND GAIN/(LOSS) TOTAL $
~~~~~~~~~~~~~~~~~~~~~~~~~~~~~~~~~~~~~~~~~~~~~~~~
btcusd buy 9229.7 Fri, 27 Apr 2018 06:19:18 0.00
