
Ex: eTrade SYM: SPY Bar chart (min): 10 Open bars: 4 Clase Bars: 2
Mon, 18 May 2020 16:36:00
ACTION OPEN GAIN/(LOSS)	TOTAL BARSINPOS	TIME
~~~~~~~~~~~~~~~~~~~~~~~~~~~~~~~~~~~~~~~~~~~~~~~~~~~

Ex: eTrade SYM: SPY Bar chart (min): 10 Open bars: 4 Clase Bars: 2
Mon, 18 May 2020 16:38:00
ACTION OPEN GAIN/(LOSS)	TOTAL BARSINPOS	TIME
~~~~~~~~~~~~~~~~~~~~~~~~~~~~~~~~~~~~~~~~~~~~~~~~~~~

Ex: eTrade SYM: SPY Bar chart (min): 10 Open bars: 4 Clase Bars: 2
Mon, 18 May 2020 16:45:00
ACTION OPEN GAIN/(LOSS)	TOTAL BARSINPOS	TIME
~~~~~~~~~~~~~~~~~~~~~~~~~~~~~~~~~~~~~~~~~~~~~~~~~~~

Ex: eTrade SYM: SPY Bar chart (min): 1 Open bars: 2 Clase Bars: 1
Mon, 18 May 2020 16:50:00
ACTION OPEN GAIN/(LOSS)	TOTAL BARSINPOS	TIME
~~~~~~~~~~~~~~~~~~~~~~~~~~~~~~~~~~~~~~~~~~~~~~~~~~~

Ex: eTrade SYM: SPY Bar chart (min): 1 Open bars: 2 Clase Bars: 1
Mon, 18 May 2020 16:58:46
ACTION OPEN GAIN/(LOSS)	TOTAL BARSINPOS	TIME
~~~~~~~~~~~~~~~~~~~~~~~~~~~~~~~~~~~~~~~~~~~~~~~~~~~

Ex: eTrade SYM: SPY Bar chart (min): 1 Open bars: 2 Clase Bars: 1
Mon, 18 May 2020 17:06:26
ACTION OPEN GAIN/(LOSS)	TOTAL BARSINPOS	TIME
~~~~~~~~~~~~~~~~~~~~~~~~~~~~~~~~~~~~~~~~~~~~~~~~~~~

Ex: eTrade SYM: SPY Bar chart (min): 1 Open bars: 2 Clase Bars: 1
Mon, 18 May 2020 17:17:41
ACTION OPEN GAIN/(LOSS)	TOTAL BARSINPOS	TIME
~~~~~~~~~~~~~~~~~~~~~~~~~~~~~~~~~~~~~~~~~~~~~~~~~~~

Ex: eTrade SYM: SPY Bar chart (min): 1 Open bars: 2 Clase Bars: 1
Mon, 18 May 2020 17:25:07
ACTION OPEN GAIN/(LOSS)	TOTAL BARSINPOS	TIME
~~~~~~~~~~~~~~~~~~~~~~~~~~~~~~~~~~~~~~~~~~~~~~~~~~~

Ex: eTrade SYM: SPY Bar chart (min): 1 Open bars: 2 Clase Bars: 1
Mon, 18 May 2020 17:28:41
ACTION OPEN GAIN/(LOSS)	TOTAL BARSINPOS	TIME
~~~~~~~~~~~~~~~~~~~~~~~~~~~~~~~~~~~~~~~~~~~~~~~~~~~

Ex: eTrade SYM: SPY Bar chart (min): 1 Open bars: 2 Clase Bars: 1
Mon, 18 May 2020 17:29:10
ACTION OPEN GAIN/(LOSS)	TOTAL BARSINPOS	TIME
~~~~~~~~~~~~~~~~~~~~~~~~~~~~~~~~~~~~~~~~~~~~~~~~~~~

Ex: eTrade SYM: SPY Bar chart (min): 2 Open bars: 2 Clase Bars: 1
Mon, 18 May 2020 17:31:06
ACTION OPEN GAIN/(LOSS)	TOTAL BARSINPOS	TIME
~~~~~~~~~~~~~~~~~~~~~~~~~~~~~~~~~~~~~~~~~~~~~~~~~~~

Ex: eTrade SYM: SPY Bar chart (min): 2 Open bars: 2 Clase Bars: 1
Mon, 18 May 2020 17:34:16
ACTION OPEN GAIN/(LOSS)	TOTAL BARSINPOS	TIME
~~~~~~~~~~~~~~~~~~~~~~~~~~~~~~~~~~~~~~~~~~~~~~~~~~~

Ex: eTrade SYM: SPY Bar chart (min): 2 Open bars: 2 Clase Bars: 1
Mon, 18 May 2020 17:34:48
ACTION OPEN GAIN/(LOSS)	TOTAL BARSINPOS	TIME
~~~~~~~~~~~~~~~~~~~~~~~~~~~~~~~~~~~~~~~~~~~~~~~~~~~

Ex: eTrade SYM: SPY Bar chart (min): 2 Open bars: 2 Clase Bars: 1
Mon, 18 May 2020 17:39:00
ACTION OPEN GAIN/(LOSS)	TOTAL BARSINPOS	TIME
~~~~~~~~~~~~~~~~~~~~~~~~~~~~~~~~~~~~~~~~~~~~~~~~~~~

Ex: eTrade SYM: SPY Bar chart (min): 2 Open bars: 2 Clase Bars: 1
Mon, 18 May 2020 17:41:22
ACTION OPEN GAIN/(LOSS)	TOTAL BARSINPOS	TIME
~~~~~~~~~~~~~~~~~~~~~~~~~~~~~~~~~~~~~~~~~~~~~~~~~~~

Ex: eTrade SYM: SPY Bar chart (min): 2 Open bars: 2 Clase Bars: 1
Mon, 18 May 2020 17:48:05
ACTION OPEN GAIN/(LOSS)	TOTAL BARSINPOS	TIME
~~~~~~~~~~~~~~~~~~~~~~~~~~~~~~~~~~~~~~~~~~~~~~~~~~~

Ex: eTrade SYM: SPY Bar chart (min): 2 Open bars: 2 Clase Bars: 1
Mon, 18 May 2020 17:50:29
ACTION OPEN GAIN/(LOSS)	TOTAL BARSINPOS	TIME
~~~~~~~~~~~~~~~~~~~~~~~~~~~~~~~~~~~~~~~~~~~~~~~~~~~

Ex: eTrade SYM: SPY Bar chart (min): 2 Open bars: 2 Clase Bars: 1
Mon, 18 May 2020 17:52:21
ACTION OPEN GAIN/(LOSS)	TOTAL BARSINPOS	TIME
~~~~~~~~~~~~~~~~~~~~~~~~~~~~~~~~~~~~~~~~~~~~~~~~~~~

Ex: eTrade SYM: SPY Bar chart (min): 2 Open bars: 2 Clase Bars: 1
Mon, 18 May 2020 17:53:04
ACTION OPEN GAIN/(LOSS)	TOTAL BARSINPOS	TIME
~~~~~~~~~~~~~~~~~~~~~~~~~~~~~~~~~~~~~~~~~~~~~~~~~~~

Ex: eTrade SYM: SPY Bar chart (min): 2 Open bars: 2 Clase Bars: 1
Mon, 18 May 2020 17:54:00
ACTION OPEN GAIN/(LOSS)	TOTAL BARSINPOS	TIME
~~~~~~~~~~~~~~~~~~~~~~~~~~~~~~~~~~~~~~~~~~~~~~~~~~~

Ex: eTrade SYM: SPY Bar chart (min): 2 Open bars: 2 Clase Bars: 1
Mon, 18 May 2020 17:57:59
ACTION OPEN GAIN/(LOSS)	TOTAL BARSINPOS	TIME
~~~~~~~~~~~~~~~~~~~~~~~~~~~~~~~~~~~~~~~~~~~~~~~~~~~

Ex: eTrade SYM: SPY Bar chart (min): 2 Open bars: 2 Clase Bars: 1
Mon, 18 May 2020 18:07:43
ACTION OPEN GAIN/(LOSS)	TOTAL BARSINPOS	TIME
~~~~~~~~~~~~~~~~~~~~~~~~~~~~~~~~~~~~~~~~~~~~~~~~~~~
buy 295.61							  		Mon, 18 May 2020 18:13:23
close	295.63 0.02 0.02		3   Mon, 18 May 2020 18:17:08
sell 295.62							  		Mon, 18 May 2020 18:17:13
close	295.67 -0.05 -0.03		0   Mon, 18 May 2020 18:17:18
buy 295.69							  		Mon, 18 May 2020 18:17:23
close	295.64 -0.05 -0.08		0   Mon, 18 May 2020 18:17:28
sell 295.63							  		Mon, 18 May 2020 18:17:38

Ex: eTrade SYM: SPY Bar chart (min): 2 Open bars: 2 Clase Bars: 1
Mon, 18 May 2020 18:18:39
ACTION OPEN GAIN/(LOSS)	TOTAL BARSINPOS	TIME
~~~~~~~~~~~~~~~~~~~~~~~~~~~~~~~~~~~~~~~~~~~~~~~~~~~
buy 295.53							  		Mon, 18 May 2020 18:23:23
close	295.42 -0.11 -0.11		1   Mon, 18 May 2020 18:25:17
sell 295.42							  		Mon, 18 May 2020 18:25:22
close	295.58 -0.16 -0.27		1   Mon, 18 May 2020 18:25:44
buy 295.64							  		Mon, 18 May 2020 18:26:10
close	295.75 0.11 -0.16		6   Mon, 18 May 2020 18:34:15
sell 295.72							  		Mon, 18 May 2020 18:34:25
close	295.82 -0.10 -0.26		1   Mon, 18 May 2020 18:35:08
sell 295.79							  		Mon, 18 May 2020 18:35:14
close	295.81 -0.02 -0.28		0   Mon, 18 May 2020 18:35:40

Ex: eTrade SYM: SPY Bar chart (min): 2 Open bars: 2 Clase Bars: 1
Mon, 18 May 2020 18:36:00
ACTION OPEN GAIN/(LOSS)	TOTAL BARSINPOS	TIME
~~~~~~~~~~~~~~~~~~~~~~~~~~~~~~~~~~~~~~~~~~~~~~~~~~~

Ex: eTrade SYM: TSLA Bar chart (min): 2 Open bars: 2 Clase Bars: 1
Mon, 18 May 2020 18:37:00
ACTION OPEN GAIN/(LOSS)	TOTAL BARSINPOS	TIME
~~~~~~~~~~~~~~~~~~~~~~~~~~~~~~~~~~~~~~~~~~~~~~~~~~~
sell 807.03							  		Mon, 18 May 2020 18:41:06
close	807.88 -0.85 -0.85		0   Mon, 18 May 2020 18:42:08
buy 808.1							  		Mon, 18 May 2020 18:42:11
close	808.85 0.75 -0.10		3   Mon, 18 May 2020 18:46:18
sell 808.8							  		Mon, 18 May 2020 18:46:25
close	809.13 -0.33 -0.43		0   Mon, 18 May 2020 18:46:54
buy 809.11							  		Mon, 18 May 2020 18:46:57
close	808.33 -0.78 -1.21		1   Mon, 18 May 2020 18:47:48
sell 808.37							  		Mon, 18 May 2020 18:48:02
close	808.55 -0.18 -1.39		1   Mon, 18 May 2020 18:49:36
buy 808.49							  		Mon, 18 May 2020 18:49:40
close	807.75 -0.74 -2.13		1   Mon, 18 May 2020 18:50:33
sell 807.71							  		Mon, 18 May 2020 18:50:36

Ex: eTrade SYM: TSLA Bar chart (min): 2 Open bars: 2 Clase Bars: 1
Mon, 18 May 2020 18:51:00
ACTION OPEN GAIN/(LOSS)	TOTAL BARSINPOS	TIME
~~~~~~~~~~~~~~~~~~~~~~~~~~~~~~~~~~~~~~~~~~~~~~~~~~~

Ex: eTrade SYM: TSLA Bar chart (min): 2 Open bars: 2 Clase Bars: 1
Mon, 18 May 2020 18:52:00
ACTION OPEN GAIN/(LOSS)	TOTAL BARSINPOS	TIME
~~~~~~~~~~~~~~~~~~~~~~~~~~~~~~~~~~~~~~~~~~~~~~~~~~~
buy 806.75							  		Mon, 18 May 2020 18:56:30
close	804.6 -2.15 -2.15		2   Mon, 18 May 2020 18:58:50
buy 805.84							  		Mon, 18 May 2020 19:01:06
close	807.08 1.24 -0.91		3   Mon, 18 May 2020 19:04:08
sell 806.82							  		Mon, 18 May 2020 19:05:25
close	807.45 -0.63 -1.54		0   Mon, 18 May 2020 19:05:31

Ex: eTrade SYM: TSLA Bar chart (min): 2 Open bars: 2 Clase Bars: 1
Mon, 18 May 2020 19:08:00
ACTION OPEN GAIN/(LOSS)	TOTAL BARSINPOS	TIME
~~~~~~~~~~~~~~~~~~~~~~~~~~~~~~~~~~~~~~~~~~~~~~~~~~~
sell 806.79							  		Mon, 18 May 2020 19:12:09
close	807.47 -0.68 -0.68		2   Mon, 18 May 2020 19:15:04
buy 807.31							  		Mon, 18 May 2020 19:16:07
close	807.94 0.63 -0.05		2   Mon, 18 May 2020 19:18:48
buy 808.99							  		Mon, 18 May 2020 19:20:08
close	811.27 2.28 2.23		5   Mon, 18 May 2020 19:27:42
buy 811.27							  		Mon, 18 May 2020 19:27:42
close	813.48 2.21 4.44		7   Mon, 18 May 2020 19:36:11
sell 813.11							  		Mon, 18 May 2020 19:37:27
close	813.48 -0.37 4.07		1   Mon, 18 May 2020 19:38:48
sell 812.93							  		Mon, 18 May 2020 19:40:18
close	812.69 0.24 4.31		2   Mon, 18 May 2020 19:42:51
sell 812.22							  		Mon, 18 May 2020 19:44:05

Ex: eTrade SYM: TSLA Bar chart (min): 2 Open bars: 2 Clase Bars: 1
Mon, 18 May 2020 19:46:00
ACTION OPEN GAIN/(LOSS)	TOTAL BARSINPOS	TIME
~~~~~~~~~~~~~~~~~~~~~~~~~~~~~~~~~~~~~~~~~~~~~~~~~~~
buy 815.94							  		Mon, 18 May 2020 19:52:05
close	815.85 -0.09 -0.09		1   Mon, 18 May 2020 19:55:21
sell 815.57							  		Mon, 18 May 2020 19:56:10
close	814.2 1.37 1.28		2   Mon, 18 May 2020 20:00:12

Ex: eTrade SYM: TSLA Bar chart (min): 1 Open bars: 2 Clase Bars: 1
Mon, 18 May 2020 20:08:08
ACTION OPEN GAIN/(LOSS)	TOTAL BARSINPOS	TIME
~~~~~~~~~~~~~~~~~~~~~~~~~~~~~~~~~~~~~~~~~~~~~~~~~~~

Ex: eTrade SYM: TSLA Bar chart (min): 1 Open bars: 2 Clase Bars: 1
Mon, 18 May 2020 20:09:22
ACTION OPEN GAIN/(LOSS)	TOTAL BARSINPOS	TIME
~~~~~~~~~~~~~~~~~~~~~~~~~~~~~~~~~~~~~~~~~~~~~~~~~~~

Ex: eTrade SYM: TSLA Bar chart (min): 1 Open bars: 2 Clase Bars: 1
Mon, 18 May 2020 20:11:16
ACTION OPEN GAIN/(LOSS)	TOTAL BARSINPOS	TIME
~~~~~~~~~~~~~~~~~~~~~~~~~~~~~~~~~~~~~~~~~~~~~~~~~~~

Ex: eTrade SYM: SPY Bar chart (min): 1 Open bars: 2 Clase Bars: 1
Mon, 18 May 2020 20:13:02
ACTION OPEN GAIN/(LOSS)	TOTAL BARSINPOS	TIME
~~~~~~~~~~~~~~~~~~~~~~~~~~~~~~~~~~~~~~~~~~~~~~~~~~~

Ex: eTrade SYM: SPY Bar chart (min): 1 Open bars: 2 Clase Bars: 1
Mon, 18 May 2020 20:17:24
ACTION OPEN GAIN/(LOSS)	TOTAL BARSINPOS	TIME
~~~~~~~~~~~~~~~~~~~~~~~~~~~~~~~~~~~~~~~~~~~~~~~~~~~

Ex: eTrade SYM: SPY Bar chart (min): 1 Open bars: 2 Clase Bars: 1
Mon, 18 May 2020 20:35:27
ACTION OPEN GAIN/(LOSS)	TOTAL BARSINPOS	TIME
~~~~~~~~~~~~~~~~~~~~~~~~~~~~~~~~~~~~~~~~~~~~~~~~~~~
buy 294.87							  		Mon, 18 May 2020 20:38:54
close	294.83 -0.04 -0.04		4   Mon, 18 May 2020 20:42:41
buy 294.93							  		Mon, 18 May 2020 20:44:12
close	294.95 0.02 -0.02		3   Mon, 18 May 2020 20:46:49

Ex: eTrade SYM: SPY Bar chart (min): 1 Open bars: 2 Clase Bars: 1
Mon, 18 May 2020 20:49:00
ACTION OPEN GAIN/(LOSS)	TOTAL BARSINPOS	TIME
~~~~~~~~~~~~~~~~~~~~~~~~~~~~~~~~~~~~~~~~~~~~~~~~~~~

Ex: eTrade SYM: SPY Bar chart (min): 1 Open bars: 2 Clase Bars: 1
Mon, 18 May 2020 20:52:00
ACTION OPEN GAIN/(LOSS)	TOTAL BARSINPOS	TIME
~~~~~~~~~~~~~~~~~~~~~~~~~~~~~~~~~~~~~~~~~~~~~~~~~~~

Ex: eTrade SYM: SPY Bar chart (min): 1 Open bars: 2 Clase Bars: 1
Mon, 18 May 2020 20:53:00
ACTION OPEN GAIN/(LOSS)	TOTAL BARSINPOS	TIME
~~~~~~~~~~~~~~~~~~~~~~~~~~~~~~~~~~~~~~~~~~~~~~~~~~~
buy 295.11							  		Mon, 18 May 2020 20:56:14

Ex: eTrade SYM: SPY Bar chart (min): 1 Open bars: 2 Clase Bars: 1
Mon, 18 May 2020 20:59:00
ACTION OPEN GAIN/(LOSS)	TOTAL BARSINPOS	TIME
~~~~~~~~~~~~~~~~~~~~~~~~~~~~~~~~~~~~~~~~~~~~~~~~~~~

Ex: eTrade SYM: BIDU Bar chart (min): 1 Open bars: 2 Clase Bars: 1
Mon, 18 May 2020 21:00:00
ACTION OPEN GAIN/(LOSS)	TOTAL BARSINPOS	TIME
~~~~~~~~~~~~~~~~~~~~~~~~~~~~~~~~~~~~~~~~~~~~~~~~~~~
sell 117.3							  		Mon, 18 May 2020 21:03:23
close	117.5 -0.20 -0.20		1   Mon, 18 May 2020 21:04:26
buy 117.5							  		Mon, 18 May 2020 21:05:13
close	117.39 -0.11 -0.31		7   Mon, 18 May 2020 21:12:16
buy 117.73							  		Mon, 18 May 2020 21:14:00
close	117.5 -0.23 -0.54		2   Mon, 18 May 2020 21:15:14
sell 117.47							  		Mon, 18 May 2020 21:16:28
close	116.56 0.91 0.37		2   Mon, 18 May 2020 21:18:16
sell 116.5							  		Mon, 18 May 2020 21:20:42
close	115.8 0.70 1.07		3   Mon, 18 May 2020 21:23:45
buy 116.4							  		Mon, 18 May 2020 21:24:17
close	115.95 -0.45 0.62		0   Mon, 18 May 2020 21:25:01
sell 116.0							  		Mon, 18 May 2020 21:27:43
close	116.3 -0.30 0.32		1   Mon, 18 May 2020 21:28:35
buy 116.31							  		Mon, 18 May 2020 21:31:00
close	116.3 -0.01 0.31		2   Mon, 18 May 2020 21:32:48
sell 116.3							  		Mon, 18 May 2020 21:34:16
close	116.55 -0.25 0.06		1   Mon, 18 May 2020 21:34:31
sell 116.1							  		Mon, 18 May 2020 21:35:36
close	116.25 -0.15 -0.09		1   Mon, 18 May 2020 21:37:00
buy 116.45							  		Mon, 18 May 2020 21:39:06
close	116.8 0.35 0.26		4   Mon, 18 May 2020 21:42:36
sell 116.35							  		Mon, 18 May 2020 21:43:38
close	116.49 -0.14 0.12		1   Mon, 18 May 2020 21:44:47
buy 116.85							  		Mon, 18 May 2020 21:45:44
close	116.5 -0.35 -0.23		1   Mon, 18 May 2020 21:46:56
sell 116.6							  		Mon, 18 May 2020 21:48:33
close	115.75 0.85 0.62		3   Mon, 18 May 2020 21:51:35
sell 116.14							  		Mon, 18 May 2020 21:54:51
close	116.27 -0.13 0.49		1   Mon, 18 May 2020 21:56:32
buy 116.4							  		Mon, 18 May 2020 21:57:49
close	116.17 -0.23 0.26		3   Mon, 18 May 2020 22:00:17
buy 116.38							  		Mon, 18 May 2020 22:01:11
close	116.2 -0.18 0.08		8   Mon, 18 May 2020 22:09:37
sell 116.29							  		Mon, 18 May 2020 22:10:23
close	116.29 0.00 0.08		4   Mon, 18 May 2020 22:15:01
sell 116.01							  		Mon, 18 May 2020 22:15:23
close	116.3 -0.29 -0.21		1   Mon, 18 May 2020 22:16:36

Ex: eTrade SYM: BIDU Bar chart (min): 1 Open bars: 2 Clase Bars: 1
Mon, 18 May 2020 22:26:00
ACTION OPEN GAIN/(LOSS)	TOTAL BARSINPOS	TIME
~~~~~~~~~~~~~~~~~~~~~~~~~~~~~~~~~~~~~~~~~~~~~~~~~~~
buy 116.7							  		Mon, 18 May 2020 22:29:12
close	117.4 0.70 0.70		1   Mon, 18 May 2020 22:30:29
sell 117.1							  		Mon, 18 May 2020 22:33:17
close	117.3 -0.20 0.50		3   Mon, 18 May 2020 22:36:32
sell 117.2							  		Mon, 18 May 2020 22:39:35
close	117.0 0.20 0.70		5   Mon, 18 May 2020 22:44:20
sell 116.84							  		Mon, 18 May 2020 22:45:29
close	116.85 -0.01 0.69		2   Mon, 18 May 2020 22:47:48
sell 116.75							  		Mon, 18 May 2020 22:49:16
close	116.85 -0.10 0.59		2   Mon, 18 May 2020 22:51:36
buy 116.85							  		Mon, 18 May 2020 22:52:30
close	116.7 -0.15 0.44		1   Mon, 18 May 2020 22:53:22
buy 116.8							  		Mon, 18 May 2020 22:56:24
close	116.75 -0.05 0.39		1   Mon, 18 May 2020 22:57:24

Ex: eTrade SYM: BIDU Bar chart (min): 1 Open bars: 2 Clase Bars: 1
Mon, 18 May 2020 22:59:00
ACTION OPEN GAIN/(LOSS)	TOTAL BARSINPOS	TIME
~~~~~~~~~~~~~~~~~~~~~~~~~~~~~~~~~~~~~~~~~~~~~~~~~~~
sell 116.52							  		Mon, 18 May 2020 23:03:12
close	116.6 -0.08 -0.08		1   Mon, 18 May 2020 23:04:12
sell 116.65							  		Mon, 18 May 2020 23:10:42
close	116.75 -0.10 -0.18		0   Mon, 18 May 2020 23:10:46
sell 116.65							  		Mon, 18 May 2020 23:12:49
close	116.48 0.17 -0.01		8   Mon, 18 May 2020 23:20:38
buy 116.5							  		Mon, 18 May 2020 23:22:10
close	116.47 -0.03 -0.04		1   Mon, 18 May 2020 23:22:21
sell 116.43							  		Mon, 18 May 2020 23:26:06
close	116.43 0.00 -0.04		3   Mon, 18 May 2020 23:28:40
buy 116.5							  		Mon, 18 May 2020 23:31:35
close	116.3 -0.20 -0.24		1   Mon, 18 May 2020 23:32:56
sell 116.3							  		Mon, 18 May 2020 23:33:34

Ex: eTrade SYM: BIDU Bar chart (min): 1 Open bars: 2 Clase Bars: 1
Tue, 19 May 2020 00:16:00
ACTION OPEN GAIN/(LOSS)	TOTAL BARSINPOS	TIME
~~~~~~~~~~~~~~~~~~~~~~~~~~~~~~~~~~~~~~~~~~~~~~~~~~~

Ex: eTrade SYM: TSLA Bar chart (min): 1 Open bars: 2 Clase Bars: 1
Tue, 19 May 2020 01:50:00
ACTION OPEN GAIN/(LOSS)	TOTAL BARSINPOS	TIME
~~~~~~~~~~~~~~~~~~~~~~~~~~~~~~~~~~~~~~~~~~~~~~~~~~~

Ex: eTrade SYM: SPY Bar chart (min): 1 Open bars: 2 Clase Bars: 1
Tue, 19 May 2020 01:50:21
ACTION OPEN GAIN/(LOSS)	TOTAL BARSINPOS	TIME
~~~~~~~~~~~~~~~~~~~~~~~~~~~~~~~~~~~~~~~~~~~~~~~~~~~

Ex: eTrade SYM: TSLA Bar chart (min): 1 Open bars: 2 Clase Bars: 1
Tue, 19 May 2020 12:06:06
ACTION OPEN GAIN/(LOSS)	TOTAL BARSINPOS	TIME
~~~~~~~~~~~~~~~~~~~~~~~~~~~~~~~~~~~~~~~~~~~~~~~~~~~
sell 811.5							  		Tue, 19 May 2020 12:10:55
close	811.99 -0.49 -0.49		1   Tue, 19 May 2020 12:11:26

Ex: eTrade SYM: TSLA Bar chart (min): 1 Open bars: 2 Clase Bars: 1
Tue, 19 May 2020 12:27:00
ACTION OPEN GAIN/(LOSS)	TOTAL BARSINPOS	TIME
~~~~~~~~~~~~~~~~~~~~~~~~~~~~~~~~~~~~~~~~~~~~~~~~~~~
sell 813.6							  		Tue, 19 May 2020 12:34:11
close	814.0 -0.40 -0.40		1   Tue, 19 May 2020 12:35:36
sell 813.0							  		Tue, 19 May 2020 12:39:15
close	813.5 -0.50 -0.90		9   Tue, 19 May 2020 12:48:06
sell 812.0							  		Tue, 19 May 2020 12:51:22
close	813.5 -1.50 -2.40		4   Tue, 19 May 2020 12:55:58
buy 814.0							  		Tue, 19 May 2020 12:57:52
close	814.95 0.95 -1.45		5   Tue, 19 May 2020 13:02:48
buy 814.95							  		Tue, 19 May 2020 13:02:48
close	814.95 -0.00 -1.45		0   Tue, 19 May 2020 13:02:57
buy 814.95							  		Tue, 19 May 2020 13:02:57
close	813.95 -1.00 -2.45		1   Tue, 19 May 2020 13:03:44
sell 813.9							  		Tue, 19 May 2020 13:04:49
close	813.8 0.10 -2.35		2   Tue, 19 May 2020 13:07:00
buy 815.0							  		Tue, 19 May 2020 13:07:55
close	814.4 -0.60 -2.95		5   Tue, 19 May 2020 13:12:28
sell 814.0							  		Tue, 19 May 2020 13:16:52
close	814.75 -0.75 -3.70		1   Tue, 19 May 2020 13:17:16
buy 815.0							  		Tue, 19 May 2020 13:19:08
close	815.98 0.98 -2.72		6   Tue, 19 May 2020 13:25:45
sell 815.88							  		Tue, 19 May 2020 13:27:03
close	815.98 -0.10 -2.82		2   Tue, 19 May 2020 13:28:57
sell 815.18							  		Tue, 19 May 2020 13:30:02
close	816.86 -1.68 -4.50		0   Tue, 19 May 2020 13:30:04

Ex: eTrade SYM: TSLA Bar chart (min): 1 Open bars: 2 Clase Bars: 1
Tue, 19 May 2020 13:32:00
ACTION OPEN GAIN/(LOSS)	TOTAL BARSINPOS	TIME
~~~~~~~~~~~~~~~~~~~~~~~~~~~~~~~~~~~~~~~~~~~~~~~~~~~
sell 812.42							  		Tue, 19 May 2020 13:36:48
close	814.22 -1.80 -1.80		2   Tue, 19 May 2020 13:38:01
sell 812.43							  		Tue, 19 May 2020 13:39:27
close	810.74 1.69 -0.11		2   Tue, 19 May 2020 13:41:06
buy 812.5							  		Tue, 19 May 2020 13:43:10
close	811.0 -1.50 -1.61		1   Tue, 19 May 2020 13:44:24
sell 809.56							  		Tue, 19 May 2020 13:46:07
close	807.81 1.75 0.14		2   Tue, 19 May 2020 13:48:21
buy 809.84							  		Tue, 19 May 2020 13:51:50
close	810.0 0.16 0.30		2   Tue, 19 May 2020 13:53:01
buy 811.75							  		Tue, 19 May 2020 13:54:09
close	810.75 -1.00 -0.70		0   Tue, 19 May 2020 13:54:30
buy 811.48							  		Tue, 19 May 2020 13:55:10
close	812.65 1.17 0.47		0   Tue, 19 May 2020 13:55:50
buy 812.65							  		Tue, 19 May 2020 13:55:50
close	812.9 0.25 0.72		0   Tue, 19 May 2020 13:55:58
buy 812.9							  		Tue, 19 May 2020 13:55:58
close	813.17 0.27 0.99		2   Tue, 19 May 2020 13:57:26
buy 813.17							  		Tue, 19 May 2020 13:57:26
close	813.4 0.23 1.22		0   Tue, 19 May 2020 13:57:31
buy 813.4							  		Tue, 19 May 2020 13:57:31
close	812.78 -0.62 0.60		0   Tue, 19 May 2020 13:57:52
buy 813.27							  		Tue, 19 May 2020 13:58:02

Ex: eTrade SYM: TSLA Bar chart (min): 1 Open bars: 2 Clase Bars: 1
Tue, 19 May 2020 13:59:00
ACTION OPEN GAIN/(LOSS)	TOTAL BARSINPOS	TIME
~~~~~~~~~~~~~~~~~~~~~~~~~~~~~~~~~~~~~~~~~~~~~~~~~~~
buy 814.45							  		Tue, 19 May 2020 14:01:38
close	811.92 -2.53 -2.53		2   Tue, 19 May 2020 14:03:34
sell 811.92							  		Tue, 19 May 2020 14:03:35
close	812.5 -0.58 -3.11		1   Tue, 19 May 2020 14:04:39
buy 812.5							  		Tue, 19 May 2020 14:04:39
close	812.77 0.27 -2.84		0   Tue, 19 May 2020 14:05:15
buy 812.77							  		Tue, 19 May 2020 14:05:15
close	812.86 0.09 -2.75		0   Tue, 19 May 2020 14:05:26
buy 812.86							  		Tue, 19 May 2020 14:05:26
close	813.68 0.82 -1.93		0   Tue, 19 May 2020 14:05:31
buy 813.68							  		Tue, 19 May 2020 14:05:31
close	813.17 -0.51 -2.44		2   Tue, 19 May 2020 14:06:38
sell 813.15							  		Tue, 19 May 2020 14:06:39
close	813.93 -0.78 -3.22		0   Tue, 19 May 2020 14:07:10
buy 813.99							  		Tue, 19 May 2020 14:07:10
close	813.76 -0.23 -3.45		1   Tue, 19 May 2020 14:07:36
sell 813.76							  		Tue, 19 May 2020 14:07:36
close	813.87 -0.11 -3.56		0   Tue, 19 May 2020 14:07:38
buy 813.87							  		Tue, 19 May 2020 14:07:38
close	813.66 -0.21 -3.77		0   Tue, 19 May 2020 14:07:39
sell 813.66							  		Tue, 19 May 2020 14:07:40
close	813.87 -0.21 -3.98		0   Tue, 19 May 2020 14:07:43
buy 813.9							  		Tue, 19 May 2020 14:07:44
close	813.76 -0.14 -4.12		0   Tue, 19 May 2020 14:07:45
sell 813.76							  		Tue, 19 May 2020 14:07:45
close	813.9 -0.14 -4.26		0   Tue, 19 May 2020 14:07:47
buy 813.9							  		Tue, 19 May 2020 14:07:47
close	813.63 -0.27 -4.53		0   Tue, 19 May 2020 14:07:48
sell 813.58							  		Tue, 19 May 2020 14:07:48
close	813.98 -0.40 -4.93		1   Tue, 19 May 2020 14:09:16
buy 813.98							  		Tue, 19 May 2020 14:09:16
close	813.46 -0.52 -5.45		2   Tue, 19 May 2020 14:10:38
sell 813.46							  		Tue, 19 May 2020 14:10:38
close	814.14 -0.68 -6.13		0   Tue, 19 May 2020 14:11:25
buy 814.14							  		Tue, 19 May 2020 14:11:26
close	814.38 0.24 -5.89		0   Tue, 19 May 2020 14:11:33
buy 814.38							  		Tue, 19 May 2020 14:11:33

Ex: eTrade SYM: TSLA Bar chart (min): 1 Open bars: 2 Clase Bars: 1
Tue, 19 May 2020 14:13:00
ACTION OPEN GAIN/(LOSS)	TOTAL BARSINPOS	TIME
~~~~~~~~~~~~~~~~~~~~~~~~~~~~~~~~~~~~~~~~~~~~~~~~~~~

Ex: eTrade SYM: SPY Bar chart (min): 1 Open bars: 2 Clase Bars: 1
Tue, 19 May 2020 14:14:00
ACTION OPEN GAIN/(LOSS)	TOTAL BARSINPOS	TIME
~~~~~~~~~~~~~~~~~~~~~~~~~~~~~~~~~~~~~~~~~~~~~~~~~~~
sell 295.31							  		Tue, 19 May 2020 14:16:04
close	295.04 0.27 0.27		2   Tue, 19 May 2020 14:18:04
sell 294.9							  		Tue, 19 May 2020 14:19:11
close	294.98 -0.08 0.19		1   Tue, 19 May 2020 14:20:20
buy 295.01							  		Tue, 19 May 2020 14:21:10
close	295.13 0.12 0.31		0   Tue, 19 May 2020 14:21:25
buy 295.13							  		Tue, 19 May 2020 14:21:25
close	295.17 0.04 0.35		0   Tue, 19 May 2020 14:21:37
buy 295.17							  		Tue, 19 May 2020 14:21:37
close	295.18 0.01 0.36		0   Tue, 19 May 2020 14:21:42
buy 295.18							  		Tue, 19 May 2020 14:21:42
close	295.0 -0.18 0.18		1   Tue, 19 May 2020 14:23:03
sell 294.94							  		Tue, 19 May 2020 14:23:07
close	295.0 -0.06 0.12		1   Tue, 19 May 2020 14:25:09
buy 295.01							  		Tue, 19 May 2020 14:26:09
close	295.15 0.14 0.26		0   Tue, 19 May 2020 14:26:56
buy 295.15							  		Tue, 19 May 2020 14:26:56
close	294.94 -0.21 0.05		1   Tue, 19 May 2020 14:27:54
sell 294.87							  		Tue, 19 May 2020 14:28:16
close	294.92 -0.05 -0.00		1   Tue, 19 May 2020 14:29:43
buy 295.14							  		Tue, 19 May 2020 14:30:08
close	295.11 -0.03 -0.03		1   Tue, 19 May 2020 14:32:05
sell 295.08							  		Tue, 19 May 2020 14:32:09
close	295.03 0.05 0.02		2   Tue, 19 May 2020 14:34:19
buy 295.22							  		Tue, 19 May 2020 14:35:08
close	295.15 -0.07 -0.05		1   Tue, 19 May 2020 14:36:08

Ex: eTrade SYM: SPY Bar chart (min): 1 Open bars: 1 Clase Bars: 1
Tue, 19 May 2020 14:38:00
ACTION OPEN GAIN/(LOSS)	TOTAL BARSINPOS	TIME
~~~~~~~~~~~~~~~~~~~~~~~~~~~~~~~~~~~~~~~~~~~~~~~~~~~
sell 294.33							  		Tue, 19 May 2020 14:42:05
close	294.33 0.00 0.00		2   Tue, 19 May 2020 14:44:08
buy 294.46							  		Tue, 19 May 2020 14:46:00
close	294.44 -0.02 -0.02		1   Tue, 19 May 2020 14:47:01
buy 294.6							  		Tue, 19 May 2020 14:48:01
close	294.71 0.11 0.09		1   Tue, 19 May 2020 14:49:54
buy 294.71							  		Tue, 19 May 2020 14:49:54
close	294.96 0.25 0.34		1   Tue, 19 May 2020 14:50:28
buy 294.96							  		Tue, 19 May 2020 14:50:28
close	295.0 0.04 0.38		0   Tue, 19 May 2020 14:50:43
buy 295.0							  		Tue, 19 May 2020 14:50:43
close	295.14 0.14 0.52		3   Tue, 19 May 2020 14:53:09
buy 295.24							  		Tue, 19 May 2020 14:54:00
close	295.22 -0.02 0.50		1   Tue, 19 May 2020 14:55:14
sell 295.14							  		Tue, 19 May 2020 14:56:04
close	295.2 -0.06 0.44		1   Tue, 19 May 2020 14:57:21
buy 295.4							  		Tue, 19 May 2020 14:58:01

Ex: eTrade SYM: SPY Bar chart (min): 1 Open bars: 1 Clase Bars: 1
Tue, 19 May 2020 15:00:00
ACTION OPEN GAIN/(LOSS)	TOTAL BARSINPOS	TIME
~~~~~~~~~~~~~~~~~~~~~~~~~~~~~~~~~~~~~~~~~~~~~~~~~~~
buy 295.43							  		Tue, 19 May 2020 15:02:04
close	295.38 -0.05 -0.05		1   Tue, 19 May 2020 15:03:31
sell 295.36							  		Tue, 19 May 2020 15:03:31
close	295.41 -0.05 -0.10		2   Tue, 19 May 2020 15:05:45
buy 295.43							  		Tue, 19 May 2020 15:05:48
close	295.21 -0.22 -0.32		3   Tue, 19 May 2020 15:08:04
sell 295.21							  		Tue, 19 May 2020 15:08:04
close	295.34 -0.13 -0.45		0   Tue, 19 May 2020 15:08:37
buy 295.35							  		Tue, 19 May 2020 15:08:37
close	295.41 0.06 -0.39		2   Tue, 19 May 2020 15:10:19
buy 295.41							  		Tue, 19 May 2020 15:10:19
close	295.42 0.01 -0.38		0   Tue, 19 May 2020 15:10:29
buy 295.42							  		Tue, 19 May 2020 15:10:29
close	295.31 -0.11 -0.49		0   Tue, 19 May 2020 15:10:54
sell 295.3							  		Tue, 19 May 2020 15:10:55
close	295.28 0.02 -0.47		2   Tue, 19 May 2020 15:12:16
buy 295.29							  		Tue, 19 May 2020 15:12:19

Ex: eTrade SYM: SPY Bar chart (min): 1 Open bars: 1 Clase Bars: 1
Tue, 19 May 2020 15:15:00
ACTION OPEN GAIN/(LOSS)	TOTAL BARSINPOS	TIME
~~~~~~~~~~~~~~~~~~~~~~~~~~~~~~~~~~~~~~~~~~~~~~~~~~~
sell 295.3							  		Tue, 19 May 2020 15:17:01
close	295.52 -0.22 -0.22		1   Tue, 19 May 2020 15:18:28
buy 295.52							  		Tue, 19 May 2020 15:18:29
close	295.52 -0.00 -0.22		0   Tue, 19 May 2020 15:18:56
buy 295.52							  		Tue, 19 May 2020 15:18:56
close	295.54 0.02 -0.20		4   Tue, 19 May 2020 15:22:32
buy 295.54							  		Tue, 19 May 2020 15:22:32
close	295.59 0.05 -0.15		0   Tue, 19 May 2020 15:22:46
buy 295.59							  		Tue, 19 May 2020 15:22:46
close	295.6 0.01 -0.14		0   Tue, 19 May 2020 15:22:52
buy 295.6							  		Tue, 19 May 2020 15:22:52
close	295.69 0.09 -0.05		2   Tue, 19 May 2020 15:24:50
buy 295.69							  		Tue, 19 May 2020 15:24:50
close	295.7 0.01 -0.04		0   Tue, 19 May 2020 15:24:55
buy 295.7							  		Tue, 19 May 2020 15:24:55
close	295.56 -0.14 -0.18		1   Tue, 19 May 2020 15:25:23
sell 295.57							  		Tue, 19 May 2020 15:25:23
close	295.65 -0.08 -0.26		2   Tue, 19 May 2020 15:27:09
buy 295.65							  		Tue, 19 May 2020 15:27:10
close	295.8 0.15 -0.11		3   Tue, 19 May 2020 15:30:53
buy 295.8							  		Tue, 19 May 2020 15:30:53
close	295.68 -0.12 -0.23		1   Tue, 19 May 2020 15:31:17
sell 295.68							  		Tue, 19 May 2020 15:31:17
close	295.9 -0.22 -0.45		0   Tue, 19 May 2020 15:31:43
buy 295.9							  		Tue, 19 May 2020 15:31:43
close	295.94 0.04 -0.41		0   Tue, 19 May 2020 15:31:56
buy 295.94							  		Tue, 19 May 2020 15:31:56
close	295.57 -0.37 -0.78		7   Tue, 19 May 2020 15:38:23
sell 295.56							  		Tue, 19 May 2020 15:38:25
close	295.57 -0.01 -0.79		2   Tue, 19 May 2020 15:40:11
buy 295.57							  		Tue, 19 May 2020 15:40:12
close	295.69 0.12 -0.67		0   Tue, 19 May 2020 15:40:38
buy 295.69							  		Tue, 19 May 2020 15:40:38
close	295.7 0.01 -0.66		0   Tue, 19 May 2020 15:40:48
buy 295.7							  		Tue, 19 May 2020 15:40:48
close	295.68 -0.02 -0.68		2   Tue, 19 May 2020 15:42:57
sell 295.66							  		Tue, 19 May 2020 15:42:58
close	295.52 0.14 -0.54		3   Tue, 19 May 2020 15:45:56
buy 295.52							  		Tue, 19 May 2020 15:45:58
close	295.58 0.06 -0.48		2   Tue, 19 May 2020 15:47:19
buy 295.58							  		Tue, 19 May 2020 15:47:19
close	295.58 -0.00 -0.48		0   Tue, 19 May 2020 15:47:51
buy 295.58							  		Tue, 19 May 2020 15:47:51
close	295.63 0.05 -0.43		1   Tue, 19 May 2020 15:48:21
buy 295.63							  		Tue, 19 May 2020 15:48:21
close	295.67 0.04 -0.39		0   Tue, 19 May 2020 15:48:57
buy 295.67							  		Tue, 19 May 2020 15:48:57
close	295.56 -0.11 -0.50		1   Tue, 19 May 2020 15:49:22
sell 295.56							  		Tue, 19 May 2020 15:49:23
close	295.6 -0.04 -0.54		2   Tue, 19 May 2020 15:51:22
buy 295.57							  		Tue, 19 May 2020 15:51:23
close	295.64 0.07 -0.47		4   Tue, 19 May 2020 15:55:40
buy 295.64							  		Tue, 19 May 2020 15:55:40
close	295.67 0.03 -0.44		0   Tue, 19 May 2020 15:55:51
buy 295.67							  		Tue, 19 May 2020 15:55:51
close	295.55 -0.12 -0.56		1   Tue, 19 May 2020 15:56:23
sell 295.53							  		Tue, 19 May 2020 15:56:26
close	295.38 0.15 -0.41		3   Tue, 19 May 2020 15:59:12
buy 295.4							  		Tue, 19 May 2020 15:59:13
close	295.43 0.03 -0.38		0   Tue, 19 May 2020 15:59:29
buy 295.43							  		Tue, 19 May 2020 15:59:29
close	295.47 0.04 -0.34		0   Tue, 19 May 2020 15:59:44
buy 295.47							  		Tue, 19 May 2020 15:59:44
close	295.28 -0.19 -0.53		5   Tue, 19 May 2020 16:04:01
sell 295.3							  		Tue, 19 May 2020 16:04:01
close	295.42 -0.12 -0.65		1   Tue, 19 May 2020 16:05:41
buy 295.42							  		Tue, 19 May 2020 16:05:42
close	295.42 -0.00 -0.65		1   Tue, 19 May 2020 16:06:41
buy 295.42							  		Tue, 19 May 2020 16:06:41
close	295.43 0.01 -0.64		0   Tue, 19 May 2020 16:06:52
buy 295.43							  		Tue, 19 May 2020 16:06:52
close	295.3 -0.13 -0.77		1   Tue, 19 May 2020 16:07:15
sell 295.32							  		Tue, 19 May 2020 16:07:15
close	295.42 -0.10 -0.87		1   Tue, 19 May 2020 16:08:08
buy 295.42							  		Tue, 19 May 2020 16:08:08
close	295.42 -0.00 -0.87		0   Tue, 19 May 2020 16:08:39
buy 295.42							  		Tue, 19 May 2020 16:08:39
close	295.42 -0.00 -0.87		0   Tue, 19 May 2020 16:08:46
buy 295.42							  		Tue, 19 May 2020 16:08:46
close	295.43 0.01 -0.86		0   Tue, 19 May 2020 16:08:51
buy 295.43							  		Tue, 19 May 2020 16:08:51
close	295.51 0.08 -0.78		1   Tue, 19 May 2020 16:09:40
buy 295.51							  		Tue, 19 May 2020 16:09:40
close	295.51 -0.00 -0.78		0   Tue, 19 May 2020 16:09:57
buy 295.51							  		Tue, 19 May 2020 16:09:57
close	295.52 0.01 -0.77		3   Tue, 19 May 2020 16:12:47
sell 295.52							  		Tue, 19 May 2020 16:12:47
close	295.63 -0.11 -0.88		1   Tue, 19 May 2020 16:13:19
buy 295.62							  		Tue, 19 May 2020 16:13:19
close	295.63 0.01 -0.87		0   Tue, 19 May 2020 16:13:26
buy 295.63							  		Tue, 19 May 2020 16:13:26
close	295.64 0.01 -0.86		0   Tue, 19 May 2020 16:13:31
buy 295.64							  		Tue, 19 May 2020 16:13:31
close	295.58 -0.06 -0.92		2   Tue, 19 May 2020 16:15:11
sell 295.58							  		Tue, 19 May 2020 16:15:11

Ex: eTrade SYM: SPY Bar chart (min): 1 Open bars: 1 Clase Bars: 1
Tue, 19 May 2020 16:18:00
ACTION OPEN GAIN/(LOSS)	TOTAL BARSINPOS	TIME
~~~~~~~~~~~~~~~~~~~~~~~~~~~~~~~~~~~~~~~~~~~~~~~~~~~
sell 294.95							  		Tue, 19 May 2020 16:20:07

Ex: eTrade SYM: SPY Bar chart (min): 1 Open bars: 1 Clase Bars: 1
Tue, 19 May 2020 16:22:00
ACTION OPEN GAIN/(LOSS)	TOTAL BARSINPOS	TIME
~~~~~~~~~~~~~~~~~~~~~~~~~~~~~~~~~~~~~~~~~~~~~~~~~~~
buy 295.33							  		Tue, 19 May 2020 16:24:01
close	295.33 -0.00 0.00		0   Tue, 19 May 2020 16:24:01
buy 295.33							  		Tue, 19 May 2020 16:24:01
close	295.33 -0.00 0.00		0   Tue, 19 May 2020 16:24:01
buy 295.34							  		Tue, 19 May 2020 16:24:02
close	295.34 -0.00 0.00		0   Tue, 19 May 2020 16:24:02
buy 295.34							  		Tue, 19 May 2020 16:24:02
close	295.34 -0.00 0.00		0   Tue, 19 May 2020 16:24:02
buy 295.34							  		Tue, 19 May 2020 16:24:03
close	295.34 -0.00 0.00		0   Tue, 19 May 2020 16:24:03
buy 295.35							  		Tue, 19 May 2020 16:24:03
close	295.35 -0.00 0.00		0   Tue, 19 May 2020 16:24:03
buy 295.35							  		Tue, 19 May 2020 16:24:04
close	295.35 -0.00 0.00		0   Tue, 19 May 2020 16:24:04
buy 295.35							  		Tue, 19 May 2020 16:24:04
close	295.35 -0.00 0.00		0   Tue, 19 May 2020 16:24:04
buy 295.35							  		Tue, 19 May 2020 16:24:05
close	295.35 -0.00 0.00		0   Tue, 19 May 2020 16:24:05
buy 295.35							  		Tue, 19 May 2020 16:24:05
close	295.35 -0.00 0.00		0   Tue, 19 May 2020 16:24:05
buy 295.35							  		Tue, 19 May 2020 16:24:05
close	295.35 -0.00 0.00		0   Tue, 19 May 2020 16:24:05
buy 295.35							  		Tue, 19 May 2020 16:24:06
close	295.35 -0.00 0.00		0   Tue, 19 May 2020 16:24:06
buy 295.34							  		Tue, 19 May 2020 16:24:06
close	295.34 -0.00 0.00		0   Tue, 19 May 2020 16:24:06
buy 295.34							  		Tue, 19 May 2020 16:24:07
close	295.34 -0.00 0.00		0   Tue, 19 May 2020 16:24:07
buy 295.33							  		Tue, 19 May 2020 16:24:07
close	295.33 -0.00 0.00		0   Tue, 19 May 2020 16:24:07
buy 295.33							  		Tue, 19 May 2020 16:24:08
close	295.33 -0.00 0.00		0   Tue, 19 May 2020 16:24:08
buy 295.33							  		Tue, 19 May 2020 16:24:08
close	295.33 -0.00 0.00		0   Tue, 19 May 2020 16:24:08
buy 295.33							  		Tue, 19 May 2020 16:24:08
close	295.33 -0.00 0.00		0   Tue, 19 May 2020 16:24:08
buy 295.34							  		Tue, 19 May 2020 16:24:09
close	295.34 -0.00 0.00		0   Tue, 19 May 2020 16:24:09
buy 295.33							  		Tue, 19 May 2020 16:24:09
close	295.33 -0.00 0.00		0   Tue, 19 May 2020 16:24:09
buy 295.33							  		Tue, 19 May 2020 16:24:10
close	295.33 -0.00 0.00		0   Tue, 19 May 2020 16:24:10
buy 295.33							  		Tue, 19 May 2020 16:24:11
close	295.33 -0.00 0.00		0   Tue, 19 May 2020 16:24:11
buy 295.34							  		Tue, 19 May 2020 16:24:12
close	295.34 -0.00 0.00		0   Tue, 19 May 2020 16:24:12
buy 295.34							  		Tue, 19 May 2020 16:24:12
close	295.34 -0.00 0.00		0   Tue, 19 May 2020 16:24:12
buy 295.34							  		Tue, 19 May 2020 16:24:13
close	295.34 -0.00 0.00		0   Tue, 19 May 2020 16:24:13
buy 295.34							  		Tue, 19 May 2020 16:24:13
close	295.34 -0.00 0.00		0   Tue, 19 May 2020 16:24:13
buy 295.34							  		Tue, 19 May 2020 16:24:13
close	295.34 -0.00 0.00		0   Tue, 19 May 2020 16:24:13
buy 295.35							  		Tue, 19 May 2020 16:24:14
close	295.35 -0.00 0.00		0   Tue, 19 May 2020 16:24:14
buy 295.33							  		Tue, 19 May 2020 16:24:15
close	295.33 -0.00 0.00		0   Tue, 19 May 2020 16:24:15
buy 295.33							  		Tue, 19 May 2020 16:24:15
close	295.33 -0.00 0.00		0   Tue, 19 May 2020 16:24:15
buy 295.33							  		Tue, 19 May 2020 16:24:15
close	295.33 -0.00 0.00		0   Tue, 19 May 2020 16:24:15
buy 295.33							  		Tue, 19 May 2020 16:24:16
close	295.33 -0.00 0.00		0   Tue, 19 May 2020 16:24:16
buy 295.34							  		Tue, 19 May 2020 16:24:16
close	295.34 -0.00 0.00		0   Tue, 19 May 2020 16:24:16
buy 295.34							  		Tue, 19 May 2020 16:24:17
close	295.34 -0.00 0.00		0   Tue, 19 May 2020 16:24:17
buy 295.34							  		Tue, 19 May 2020 16:24:17
close	295.34 -0.00 0.00		0   Tue, 19 May 2020 16:24:17
buy 295.33							  		Tue, 19 May 2020 16:24:18
close	295.33 -0.00 0.00		0   Tue, 19 May 2020 16:24:18
buy 295.34							  		Tue, 19 May 2020 16:24:18
close	295.34 -0.00 0.00		0   Tue, 19 May 2020 16:24:18
buy 295.34							  		Tue, 19 May 2020 16:24:18
close	295.34 -0.00 0.00		0   Tue, 19 May 2020 16:24:18
buy 295.34							  		Tue, 19 May 2020 16:24:19
close	295.34 -0.00 0.00		0   Tue, 19 May 2020 16:24:19
buy 295.33							  		Tue, 19 May 2020 16:24:42
close	295.33 -0.00 0.00		0   Tue, 19 May 2020 16:24:42
buy 295.33							  		Tue, 19 May 2020 16:24:43
close	295.33 -0.00 0.00		0   Tue, 19 May 2020 16:24:43
buy 295.34							  		Tue, 19 May 2020 16:24:55
close	295.34 -0.00 0.00		0   Tue, 19 May 2020 16:24:55
buy 295.33							  		Tue, 19 May 2020 16:24:56
close	295.33 -0.00 0.00		0   Tue, 19 May 2020 16:24:56
buy 295.33							  		Tue, 19 May 2020 16:24:56
close	295.33 -0.00 0.00		0   Tue, 19 May 2020 16:24:56
buy 295.33							  		Tue, 19 May 2020 16:24:57
close	295.33 -0.00 0.00		0   Tue, 19 May 2020 16:24:57
buy 295.33							  		Tue, 19 May 2020 16:24:57
close	295.33 -0.00 0.00		0   Tue, 19 May 2020 16:24:57
buy 295.33							  		Tue, 19 May 2020 16:24:58
close	295.33 -0.00 0.00		0   Tue, 19 May 2020 16:24:58
buy 295.33							  		Tue, 19 May 2020 16:24:58
close	295.33 -0.00 0.00		0   Tue, 19 May 2020 16:24:58
buy 295.33							  		Tue, 19 May 2020 16:25:01
close	295.33 -0.00 0.00		0   Tue, 19 May 2020 16:25:01
buy 295.33							  		Tue, 19 May 2020 16:25:01
close	295.33 -0.00 0.00		0   Tue, 19 May 2020 16:25:01
buy 295.34							  		Tue, 19 May 2020 16:25:02
close	295.34 -0.00 0.00		0   Tue, 19 May 2020 16:25:02
buy 295.34							  		Tue, 19 May 2020 16:25:03
close	295.34 -0.00 0.00		0   Tue, 19 May 2020 16:25:03
buy 295.33							  		Tue, 19 May 2020 16:25:05
close	295.33 -0.00 0.00		0   Tue, 19 May 2020 16:25:05
buy 295.33							  		Tue, 19 May 2020 16:25:05
close	295.33 -0.00 0.00		0   Tue, 19 May 2020 16:25:05
buy 295.33							  		Tue, 19 May 2020 16:25:06
close	295.33 -0.00 0.00		0   Tue, 19 May 2020 16:25:06
buy 295.33							  		Tue, 19 May 2020 16:25:06
close	295.33 -0.00 0.00		0   Tue, 19 May 2020 16:25:06
buy 295.33							  		Tue, 19 May 2020 16:25:07
close	295.33 -0.00 0.00		0   Tue, 19 May 2020 16:25:07
buy 295.33							  		Tue, 19 May 2020 16:25:07
close	295.33 -0.00 0.00		0   Tue, 19 May 2020 16:25:07
sell 295.27							  		Tue, 19 May 2020 16:25:12
close	295.35 -0.08 -0.08		1   Tue, 19 May 2020 16:26:19
buy 295.35							  		Tue, 19 May 2020 16:26:19
close	295.35 -0.00 -0.08		0   Tue, 19 May 2020 16:26:19
buy 295.35							  		Tue, 19 May 2020 16:26:19
close	295.35 -0.00 -0.08		0   Tue, 19 May 2020 16:26:19
buy 295.35							  		Tue, 19 May 2020 16:26:20
close	295.35 -0.00 -0.08		0   Tue, 19 May 2020 16:26:20
buy 295.35							  		Tue, 19 May 2020 16:26:20
close	295.35 -0.00 -0.08		0   Tue, 19 May 2020 16:26:20
buy 295.35							  		Tue, 19 May 2020 16:26:21
close	295.35 -0.00 -0.08		0   Tue, 19 May 2020 16:26:21
buy 295.35							  		Tue, 19 May 2020 16:26:21
close	295.35 -0.00 -0.08		0   Tue, 19 May 2020 16:26:21
buy 295.35							  		Tue, 19 May 2020 16:26:22
close	295.35 -0.00 -0.08		0   Tue, 19 May 2020 16:26:22
buy 295.35							  		Tue, 19 May 2020 16:26:22
close	295.35 -0.00 -0.08		0   Tue, 19 May 2020 16:26:22
buy 295.35							  		Tue, 19 May 2020 16:26:23
close	295.35 -0.00 -0.08		0   Tue, 19 May 2020 16:26:23
buy 295.36							  		Tue, 19 May 2020 16:26:23
close	295.36 -0.00 -0.08		0   Tue, 19 May 2020 16:26:23
buy 295.35							  		Tue, 19 May 2020 16:26:24
close	295.35 -0.00 -0.08		0   Tue, 19 May 2020 16:26:24
buy 295.35							  		Tue, 19 May 2020 16:26:24
close	295.35 -0.00 -0.08		0   Tue, 19 May 2020 16:26:24
buy 295.36							  		Tue, 19 May 2020 16:26:25
close	295.36 -0.00 -0.08		0   Tue, 19 May 2020 16:26:25
buy 295.36							  		Tue, 19 May 2020 16:26:25
close	295.36 -0.00 -0.08		0   Tue, 19 May 2020 16:26:25
buy 295.35							  		Tue, 19 May 2020 16:26:25
close	295.35 -0.00 -0.08		0   Tue, 19 May 2020 16:26:25
buy 295.35							  		Tue, 19 May 2020 16:26:26
close	295.35 -0.00 -0.08		0   Tue, 19 May 2020 16:26:26
buy 295.38							  		Tue, 19 May 2020 16:26:27
close	295.38 -0.00 -0.08		0   Tue, 19 May 2020 16:26:27
buy 295.38							  		Tue, 19 May 2020 16:26:27
close	295.38 -0.00 -0.08		0   Tue, 19 May 2020 16:26:27
buy 295.37							  		Tue, 19 May 2020 16:26:27
close	295.37 -0.00 -0.08		0   Tue, 19 May 2020 16:26:27
buy 295.37							  		Tue, 19 May 2020 16:26:28
close	295.37 -0.00 -0.08		0   Tue, 19 May 2020 16:26:28
buy 295.36							  		Tue, 19 May 2020 16:26:28
close	295.36 -0.00 -0.08		0   Tue, 19 May 2020 16:26:28
buy 295.36							  		Tue, 19 May 2020 16:26:29
close	295.36 -0.00 -0.08		0   Tue, 19 May 2020 16:26:29
buy 295.36							  		Tue, 19 May 2020 16:26:29
close	295.36 -0.00 -0.08		0   Tue, 19 May 2020 16:26:29
buy 295.36							  		Tue, 19 May 2020 16:26:30
close	295.36 -0.00 -0.08		0   Tue, 19 May 2020 16:26:30
buy 295.36							  		Tue, 19 May 2020 16:26:31
close	295.36 -0.00 -0.08		0   Tue, 19 May 2020 16:26:31
buy 295.36							  		Tue, 19 May 2020 16:26:31
close	295.36 -0.00 -0.08		0   Tue, 19 May 2020 16:26:31
buy 295.35							  		Tue, 19 May 2020 16:26:31
close	295.35 -0.00 -0.08		0   Tue, 19 May 2020 16:26:31
buy 295.33							  		Tue, 19 May 2020 16:26:32
close	295.33 -0.00 -0.08		0   Tue, 19 May 2020 16:26:32
buy 295.33							  		Tue, 19 May 2020 16:26:32
close	295.33 -0.00 -0.08		0   Tue, 19 May 2020 16:26:32
buy 295.34							  		Tue, 19 May 2020 16:26:33
close	295.34 -0.00 -0.08		0   Tue, 19 May 2020 16:26:33
buy 295.34							  		Tue, 19 May 2020 16:26:33
close	295.34 -0.00 -0.08		0   Tue, 19 May 2020 16:26:33
buy 295.33							  		Tue, 19 May 2020 16:26:34
close	295.33 -0.00 -0.08		0   Tue, 19 May 2020 16:26:34
buy 295.33							  		Tue, 19 May 2020 16:26:34
close	295.33 -0.00 -0.08		0   Tue, 19 May 2020 16:26:34
buy 295.34							  		Tue, 19 May 2020 16:26:35
close	295.34 -0.00 -0.08		0   Tue, 19 May 2020 16:26:35
buy 295.34							  		Tue, 19 May 2020 16:26:35
close	295.34 -0.00 -0.08		0   Tue, 19 May 2020 16:26:35
buy 295.34							  		Tue, 19 May 2020 16:26:36
close	295.34 -0.00 -0.08		0   Tue, 19 May 2020 16:26:36
buy 295.34							  		Tue, 19 May 2020 16:26:36
close	295.34 -0.00 -0.08		0   Tue, 19 May 2020 16:26:36
buy 295.34							  		Tue, 19 May 2020 16:26:37
close	295.34 -0.00 -0.08		0   Tue, 19 May 2020 16:26:37
buy 295.34							  		Tue, 19 May 2020 16:26:37
close	295.34 -0.00 -0.08		0   Tue, 19 May 2020 16:26:37
buy 295.33							  		Tue, 19 May 2020 16:26:40
close	295.33 -0.00 -0.08		0   Tue, 19 May 2020 16:26:40
buy 295.33							  		Tue, 19 May 2020 16:26:40
close	295.33 -0.00 -0.08		0   Tue, 19 May 2020 16:26:40
buy 295.33							  		Tue, 19 May 2020 16:26:41
close	295.33 -0.00 -0.08		0   Tue, 19 May 2020 16:26:41
buy 295.33							  		Tue, 19 May 2020 16:26:41
close	295.33 -0.00 -0.08		0   Tue, 19 May 2020 16:26:41
buy 295.33							  		Tue, 19 May 2020 16:26:50
close	295.33 -0.00 -0.08		0   Tue, 19 May 2020 16:26:50
buy 295.33							  		Tue, 19 May 2020 16:26:51
close	295.33 -0.00 -0.08		0   Tue, 19 May 2020 16:26:51
buy 295.34							  		Tue, 19 May 2020 16:26:51
close	295.34 -0.00 -0.08		0   Tue, 19 May 2020 16:26:51
buy 295.35							  		Tue, 19 May 2020 16:26:52
close	295.35 -0.00 -0.08		0   Tue, 19 May 2020 16:26:52
buy 295.35							  		Tue, 19 May 2020 16:26:52
close	295.35 -0.00 -0.08		0   Tue, 19 May 2020 16:26:52
buy 295.35							  		Tue, 19 May 2020 16:26:53
close	295.35 -0.00 -0.08		0   Tue, 19 May 2020 16:26:53
buy 295.33							  		Tue, 19 May 2020 16:26:53
close	295.33 -0.00 -0.08		0   Tue, 19 May 2020 16:26:53
buy 295.33							  		Tue, 19 May 2020 16:26:54
close	295.33 -0.00 -0.08		0   Tue, 19 May 2020 16:26:54
buy 295.33							  		Tue, 19 May 2020 16:26:54
close	295.33 -0.00 -0.08		0   Tue, 19 May 2020 16:26:54
buy 295.33							  		Tue, 19 May 2020 16:26:55
close	295.33 -0.00 -0.08		0   Tue, 19 May 2020 16:26:55
buy 295.33							  		Tue, 19 May 2020 16:26:55
close	295.33 -0.00 -0.08		0   Tue, 19 May 2020 16:26:55
buy 295.33							  		Tue, 19 May 2020 16:26:56
close	295.33 -0.00 -0.08		0   Tue, 19 May 2020 16:26:56
buy 295.33							  		Tue, 19 May 2020 16:26:56
close	295.33 -0.00 -0.08		0   Tue, 19 May 2020 16:26:56
buy 295.33							  		Tue, 19 May 2020 16:26:57
close	295.33 -0.00 -0.08		0   Tue, 19 May 2020 16:26:57
buy 295.3							  		Tue, 19 May 2020 16:27:00
close	295.3 -0.00 -0.08		0   Tue, 19 May 2020 16:27:00
buy 295.3							  		Tue, 19 May 2020 16:27:01
close	295.3 -0.00 -0.08		0   Tue, 19 May 2020 16:27:01
buy 295.3							  		Tue, 19 May 2020 16:27:01
close	295.3 -0.00 -0.08		0   Tue, 19 May 2020 16:27:01
buy 295.3							  		Tue, 19 May 2020 16:27:02
close	295.3 -0.00 -0.08		0   Tue, 19 May 2020 16:27:02
buy 295.3							  		Tue, 19 May 2020 16:27:02
close	295.3 -0.00 -0.08		0   Tue, 19 May 2020 16:27:02
buy 295.3							  		Tue, 19 May 2020 16:27:03
close	295.3 -0.00 -0.08		0   Tue, 19 May 2020 16:27:03
buy 295.3							  		Tue, 19 May 2020 16:27:03
close	295.3 -0.00 -0.08		0   Tue, 19 May 2020 16:27:03
buy 295.3							  		Tue, 19 May 2020 16:27:04
close	295.3 -0.00 -0.08		0   Tue, 19 May 2020 16:27:04
buy 295.3							  		Tue, 19 May 2020 16:27:04
close	295.3 -0.00 -0.08		0   Tue, 19 May 2020 16:27:04
buy 295.3							  		Tue, 19 May 2020 16:27:05
close	295.3 -0.00 -0.08		0   Tue, 19 May 2020 16:27:05
buy 295.3							  		Tue, 19 May 2020 16:27:05
close	295.3 -0.00 -0.08		0   Tue, 19 May 2020 16:27:05
buy 295.3							  		Tue, 19 May 2020 16:27:06
close	295.3 -0.00 -0.08		0   Tue, 19 May 2020 16:27:06
buy 295.3							  		Tue, 19 May 2020 16:27:07
close	295.3 -0.00 -0.08		0   Tue, 19 May 2020 16:27:07
buy 295.3							  		Tue, 19 May 2020 16:27:07
close	295.3 -0.00 -0.08		0   Tue, 19 May 2020 16:27:07
buy 295.3							  		Tue, 19 May 2020 16:27:08
close	295.3 -0.00 -0.08		0   Tue, 19 May 2020 16:27:08
buy 295.3							  		Tue, 19 May 2020 16:27:08
close	295.3 -0.00 -0.08		0   Tue, 19 May 2020 16:27:08
buy 295.3							  		Tue, 19 May 2020 16:27:10
close	295.3 -0.00 -0.08		0   Tue, 19 May 2020 16:27:10

Ex: eTrade SYM: SPY Bar chart (min): 1 Open bars: 1 Clase Bars: 1
Tue, 19 May 2020 16:29:00
ACTION OPEN GAIN/(LOSS)	TOTAL BARSINPOS	TIME
~~~~~~~~~~~~~~~~~~~~~~~~~~~~~~~~~~~~~~~~~~~~~~~~~~~
buy 295.25							  		Tue, 19 May 2020 16:31:42
close	295.25 -0.00 0.00		0   Tue, 19 May 2020 16:31:42
buy 295.24							  		Tue, 19 May 2020 16:31:42
close	295.24 -0.00 0.00		0   Tue, 19 May 2020 16:31:42
buy 295.24							  		Tue, 19 May 2020 16:31:43
close	295.24 -0.00 0.00		0   Tue, 19 May 2020 16:31:43
buy 295.24							  		Tue, 19 May 2020 16:31:43
close	295.24 -0.00 0.00		0   Tue, 19 May 2020 16:31:43
buy 295.24							  		Tue, 19 May 2020 16:31:44
close	295.24 -0.00 0.00		0   Tue, 19 May 2020 16:31:44
buy 295.25							  		Tue, 19 May 2020 16:31:44
close	295.25 -0.00 0.00		0   Tue, 19 May 2020 16:31:44
buy 295.25							  		Tue, 19 May 2020 16:31:45
close	295.25 -0.00 0.00		0   Tue, 19 May 2020 16:31:45
buy 295.25							  		Tue, 19 May 2020 16:31:45
close	295.25 -0.00 0.00		0   Tue, 19 May 2020 16:31:45
buy 295.25							  		Tue, 19 May 2020 16:31:46
close	295.25 -0.00 0.00		0   Tue, 19 May 2020 16:31:46
buy 295.23							  		Tue, 19 May 2020 16:31:46
close	295.23 -0.00 0.00		0   Tue, 19 May 2020 16:31:46
buy 295.23							  		Tue, 19 May 2020 16:31:48
close	295.23 -0.00 0.00		0   Tue, 19 May 2020 16:31:48
buy 295.23							  		Tue, 19 May 2020 16:31:48
close	295.23 -0.00 0.00		0   Tue, 19 May 2020 16:31:48
buy 295.24							  		Tue, 19 May 2020 16:31:49
close	295.24 -0.00 0.00		0   Tue, 19 May 2020 16:31:49
buy 295.24							  		Tue, 19 May 2020 16:31:49
close	295.24 -0.00 0.00		0   Tue, 19 May 2020 16:31:49
buy 295.24							  		Tue, 19 May 2020 16:31:50
close	295.24 -0.00 0.00		0   Tue, 19 May 2020 16:31:50
buy 295.24							  		Tue, 19 May 2020 16:31:50
close	295.24 -0.00 0.00		0   Tue, 19 May 2020 16:31:50
buy 295.25							  		Tue, 19 May 2020 16:31:51
close	295.25 -0.00 0.00		0   Tue, 19 May 2020 16:31:51
buy 295.27							  		Tue, 19 May 2020 16:31:52
close	295.27 -0.00 0.00		0   Tue, 19 May 2020 16:31:52
buy 295.28							  		Tue, 19 May 2020 16:31:53
close	295.28 -0.00 0.00		0   Tue, 19 May 2020 16:31:53
buy 295.28							  		Tue, 19 May 2020 16:31:53
close	295.28 -0.00 0.00		0   Tue, 19 May 2020 16:31:53
buy 295.29							  		Tue, 19 May 2020 16:31:53
close	295.29 -0.00 0.00		0   Tue, 19 May 2020 16:31:53
buy 295.29							  		Tue, 19 May 2020 16:31:54
close	295.29 -0.00 0.00		0   Tue, 19 May 2020 16:31:54
buy 295.28							  		Tue, 19 May 2020 16:31:54
close	295.28 -0.00 0.00		0   Tue, 19 May 2020 16:31:54
buy 295.29							  		Tue, 19 May 2020 16:31:55
close	295.29 -0.00 0.00		0   Tue, 19 May 2020 16:31:55
buy 295.29							  		Tue, 19 May 2020 16:31:55
close	295.29 -0.00 0.00		0   Tue, 19 May 2020 16:31:55
buy 295.29							  		Tue, 19 May 2020 16:31:56
close	295.29 -0.00 0.00		0   Tue, 19 May 2020 16:31:56
buy 295.3							  		Tue, 19 May 2020 16:31:56
close	295.3 -0.00 0.00		0   Tue, 19 May 2020 16:31:56
buy 295.32							  		Tue, 19 May 2020 16:31:57
close	295.32 -0.00 0.00		0   Tue, 19 May 2020 16:31:57
buy 295.34							  		Tue, 19 May 2020 16:31:57
close	295.34 -0.00 0.00		0   Tue, 19 May 2020 16:31:57
buy 295.34							  		Tue, 19 May 2020 16:31:58
close	295.34 -0.00 0.00		0   Tue, 19 May 2020 16:31:58
buy 295.34							  		Tue, 19 May 2020 16:31:58
close	295.34 -0.00 0.00		0   Tue, 19 May 2020 16:31:58
buy 295.33							  		Tue, 19 May 2020 16:31:58
close	295.33 -0.00 0.00		0   Tue, 19 May 2020 16:31:58
buy 295.32							  		Tue, 19 May 2020 16:31:59
close	295.32 -0.00 0.00		0   Tue, 19 May 2020 16:31:59
buy 295.33							  		Tue, 19 May 2020 16:31:59
close	295.33 -0.00 0.00		0   Tue, 19 May 2020 16:31:59
sell 295.04							  		Tue, 19 May 2020 16:32:02

Ex: eTrade SYM: SPY Bar chart (min): 1 Open bars: 1 Clase Bars: 1
Tue, 19 May 2020 16:33:00
ACTION OPEN GAIN/(LOSS)	TOTAL BARSINPOS	TIME
~~~~~~~~~~~~~~~~~~~~~~~~~~~~~~~~~~~~~~~~~~~~~~~~~~~
sell 294.93							  		Tue, 19 May 2020 16:34:16
close	295.04 -0.11 -0.11		2   Tue, 19 May 2020 16:36:11
buy 295.04							  		Tue, 19 May 2020 16:36:12
close	295.04 -0.00 -0.11		0   Tue, 19 May 2020 16:36:12
buy 295.04							  		Tue, 19 May 2020 16:36:12
close	295.04 -0.00 -0.11		0   Tue, 19 May 2020 16:36:12
buy 295.04							  		Tue, 19 May 2020 16:36:15
close	295.04 -0.00 -0.11		0   Tue, 19 May 2020 16:36:15
buy 295.04							  		Tue, 19 May 2020 16:36:16
close	295.04 -0.00 -0.11		0   Tue, 19 May 2020 16:36:16
buy 295.07							  		Tue, 19 May 2020 16:36:19
close	295.07 -0.00 -0.11		0   Tue, 19 May 2020 16:36:19
buy 295.06							  		Tue, 19 May 2020 16:36:20
close	295.06 -0.00 -0.11		0   Tue, 19 May 2020 16:36:20
buy 295.04							  		Tue, 19 May 2020 16:36:22
close	295.04 -0.00 -0.11		0   Tue, 19 May 2020 16:36:22
buy 295.06							  		Tue, 19 May 2020 16:36:23
close	295.06 -0.00 -0.11		0   Tue, 19 May 2020 16:36:23

Ex: eTrade SYM: SPY Bar chart (min): 1 Open bars: 1 Clase Bars: 1
Tue, 19 May 2020 16:52:00
ACTION OPEN GAIN/(LOSS)	TOTAL BARSINPOS	TIME
~~~~~~~~~~~~~~~~~~~~~~~~~~~~~~~~~~~~~~~~~~~~~~~~~~~
sell 295.13							  		Tue, 19 May 2020 16:54:38
close	295.15 -0.02 -0.02		2   Tue, 19 May 2020 16:56:12
buy 295.17							  		Tue, 19 May 2020 16:56:13
close	295.17 -0.00 -0.02		0   Tue, 19 May 2020 16:56:13
buy 295.17							  		Tue, 19 May 2020 16:56:15
close	295.17 -0.00 -0.02		0   Tue, 19 May 2020 16:56:15
buy 295.16							  		Tue, 19 May 2020 16:56:16
close	295.16 -0.00 -0.02		0   Tue, 19 May 2020 16:56:16
buy 295.16							  		Tue, 19 May 2020 16:56:16
close	295.16 -0.00 -0.02		0   Tue, 19 May 2020 16:56:16
sell 295.05							  		Tue, 19 May 2020 16:57:18
close	295.15 -0.10 -0.12		0   Tue, 19 May 2020 16:57:53
buy 295.19							  		Tue, 19 May 2020 16:58:01
close	295.19 -0.00 -0.12		0   Tue, 19 May 2020 16:58:01
buy 295.19							  		Tue, 19 May 2020 16:58:01
close	295.19 -0.00 -0.12		0   Tue, 19 May 2020 16:58:01
buy 295.19							  		Tue, 19 May 2020 16:58:02
close	295.19 -0.00 -0.12		0   Tue, 19 May 2020 16:58:02
buy 295.19							  		Tue, 19 May 2020 16:58:02
close	295.19 -0.00 -0.12		0   Tue, 19 May 2020 16:58:02
buy 295.19							  		Tue, 19 May 2020 16:58:03
close	295.19 -0.00 -0.12		0   Tue, 19 May 2020 16:58:03
buy 295.2							  		Tue, 19 May 2020 16:58:03
close	295.2 -0.00 -0.12		0   Tue, 19 May 2020 16:58:03
buy 295.2							  		Tue, 19 May 2020 16:58:04
close	295.2 -0.00 -0.12		0   Tue, 19 May 2020 16:58:04
buy 295.2							  		Tue, 19 May 2020 16:58:05
close	295.2 -0.00 -0.12		0   Tue, 19 May 2020 16:58:05
buy 295.2							  		Tue, 19 May 2020 16:58:05
close	295.2 -0.00 -0.12		0   Tue, 19 May 2020 16:58:05
buy 295.23							  		Tue, 19 May 2020 16:58:36
close	295.23 -0.00 -0.12		0   Tue, 19 May 2020 16:58:36
buy 295.23							  		Tue, 19 May 2020 16:58:36
close	295.23 -0.00 -0.12		0   Tue, 19 May 2020 16:58:36
buy 295.24							  		Tue, 19 May 2020 16:58:41
close	295.24 -0.00 -0.12		0   Tue, 19 May 2020 16:58:41
buy 295.24							  		Tue, 19 May 2020 16:58:41
close	295.24 -0.00 -0.12		0   Tue, 19 May 2020 16:58:41
buy 295.24							  		Tue, 19 May 2020 16:58:41
close	295.24 -0.00 -0.12		0   Tue, 19 May 2020 16:58:41
buy 295.24							  		Tue, 19 May 2020 16:58:42
close	295.24 -0.00 -0.12		0   Tue, 19 May 2020 16:58:42
buy 295.23							  		Tue, 19 May 2020 16:58:42
close	295.23 -0.00 -0.12		0   Tue, 19 May 2020 16:58:42
buy 295.22							  		Tue, 19 May 2020 16:58:43
close	295.22 -0.00 -0.12		0   Tue, 19 May 2020 16:58:43
buy 295.22							  		Tue, 19 May 2020 16:58:43
close	295.22 -0.00 -0.12		0   Tue, 19 May 2020 16:58:43
buy 295.23							  		Tue, 19 May 2020 16:58:44
close	295.23 -0.00 -0.12		0   Tue, 19 May 2020 16:58:44
buy 295.23							  		Tue, 19 May 2020 16:58:45
close	295.23 -0.00 -0.12		0   Tue, 19 May 2020 16:58:45
buy 295.23							  		Tue, 19 May 2020 16:58:45
close	295.23 -0.00 -0.12		0   Tue, 19 May 2020 16:58:45
buy 295.22							  		Tue, 19 May 2020 16:58:46
close	295.22 -0.00 -0.12		0   Tue, 19 May 2020 16:58:46
buy 295.22							  		Tue, 19 May 2020 16:58:47
close	295.22 -0.00 -0.12		0   Tue, 19 May 2020 16:58:47
buy 295.21							  		Tue, 19 May 2020 16:58:47
close	295.21 -0.00 -0.12		0   Tue, 19 May 2020 16:58:47
buy 295.21							  		Tue, 19 May 2020 16:58:48
close	295.21 -0.00 -0.12		0   Tue, 19 May 2020 16:58:48
buy 295.21							  		Tue, 19 May 2020 16:58:48
close	295.21 -0.00 -0.12		0   Tue, 19 May 2020 16:58:48
buy 295.22							  		Tue, 19 May 2020 16:58:48
close	295.22 -0.00 -0.12		0   Tue, 19 May 2020 16:58:48
buy 295.22							  		Tue, 19 May 2020 16:58:49
close	295.22 -0.00 -0.12		0   Tue, 19 May 2020 16:58:49
buy 295.21							  		Tue, 19 May 2020 16:58:49
close	295.21 -0.00 -0.12		0   Tue, 19 May 2020 16:58:49
buy 295.21							  		Tue, 19 May 2020 16:58:50
close	295.21 -0.00 -0.12		0   Tue, 19 May 2020 16:58:50
buy 295.21							  		Tue, 19 May 2020 16:58:51
close	295.21 -0.00 -0.12		0   Tue, 19 May 2020 16:58:51
buy 295.21							  		Tue, 19 May 2020 16:58:51
close	295.21 -0.00 -0.12		0   Tue, 19 May 2020 16:58:51
buy 295.22							  		Tue, 19 May 2020 16:58:52
close	295.22 -0.00 -0.12		0   Tue, 19 May 2020 16:58:52
buy 295.22							  		Tue, 19 May 2020 16:58:52
close	295.22 -0.00 -0.12		0   Tue, 19 May 2020 16:58:52
buy 295.21							  		Tue, 19 May 2020 16:58:53
close	295.21 -0.00 -0.12		0   Tue, 19 May 2020 16:58:53
buy 295.22							  		Tue, 19 May 2020 16:58:53
close	295.22 -0.00 -0.12		0   Tue, 19 May 2020 16:58:53
buy 295.23							  		Tue, 19 May 2020 16:58:54
close	295.23 -0.00 -0.12		0   Tue, 19 May 2020 16:58:54
buy 295.22							  		Tue, 19 May 2020 16:58:55
close	295.22 -0.00 -0.12		0   Tue, 19 May 2020 16:58:55
buy 295.22							  		Tue, 19 May 2020 16:58:55
close	295.22 -0.00 -0.12		0   Tue, 19 May 2020 16:58:55
buy 295.22							  		Tue, 19 May 2020 16:58:55
close	295.22 -0.00 -0.12		0   Tue, 19 May 2020 16:58:55
buy 295.23							  		Tue, 19 May 2020 16:58:56
close	295.23 -0.00 -0.12		0   Tue, 19 May 2020 16:58:56
buy 295.23							  		Tue, 19 May 2020 16:58:56
close	295.23 -0.00 -0.12		0   Tue, 19 May 2020 16:58:56
buy 295.23							  		Tue, 19 May 2020 16:58:57
close	295.23 -0.00 -0.12		0   Tue, 19 May 2020 16:58:57
buy 295.22							  		Tue, 19 May 2020 16:58:57
close	295.22 -0.00 -0.12		0   Tue, 19 May 2020 16:58:57
buy 295.22							  		Tue, 19 May 2020 16:58:58
close	295.22 -0.00 -0.12		0   Tue, 19 May 2020 16:58:58
buy 295.22							  		Tue, 19 May 2020 16:58:59
close	295.22 -0.00 -0.12		0   Tue, 19 May 2020 16:58:59
buy 295.22							  		Tue, 19 May 2020 16:58:59
close	295.22 -0.00 -0.12		0   Tue, 19 May 2020 16:58:59
buy 295.22							  		Tue, 19 May 2020 16:59:00
close	295.22 -0.00 -0.12		0   Tue, 19 May 2020 16:59:00
buy 295.22							  		Tue, 19 May 2020 16:59:01
close	295.22 -0.00 -0.12		0   Tue, 19 May 2020 16:59:01
buy 295.23							  		Tue, 19 May 2020 16:59:01
close	295.23 -0.00 -0.12		0   Tue, 19 May 2020 16:59:01
buy 295.23							  		Tue, 19 May 2020 16:59:02
close	295.23 -0.00 -0.12		0   Tue, 19 May 2020 16:59:02
buy 295.23							  		Tue, 19 May 2020 16:59:02
close	295.23 -0.00 -0.12		0   Tue, 19 May 2020 16:59:02
buy 295.25							  		Tue, 19 May 2020 16:59:41
close	295.25 -0.00 -0.12		0   Tue, 19 May 2020 16:59:41
buy 295.25							  		Tue, 19 May 2020 16:59:41
close	295.25 -0.00 -0.12		0   Tue, 19 May 2020 16:59:41
buy 295.25							  		Tue, 19 May 2020 16:59:42
close	295.25 -0.00 -0.12		0   Tue, 19 May 2020 16:59:42
buy 295.25							  		Tue, 19 May 2020 16:59:46
close	295.25 -0.00 -0.12		0   Tue, 19 May 2020 16:59:46
buy 295.25							  		Tue, 19 May 2020 16:59:46
close	295.25 -0.00 -0.12		0   Tue, 19 May 2020 16:59:46
sell 295.09							  		Tue, 19 May 2020 17:00:10
close	295.24 -0.15 -0.27		0   Tue, 19 May 2020 17:00:19
buy 295.28							  		Tue, 19 May 2020 17:00:21
close	295.28 -0.00 -0.27		0   Tue, 19 May 2020 17:00:21
buy 295.28							  		Tue, 19 May 2020 17:00:21
close	295.28 -0.00 -0.27		0   Tue, 19 May 2020 17:00:21
buy 295.28							  		Tue, 19 May 2020 17:00:22
close	295.28 -0.00 -0.27		0   Tue, 19 May 2020 17:00:22
buy 295.28							  		Tue, 19 May 2020 17:00:23
close	295.28 -0.00 -0.27		0   Tue, 19 May 2020 17:00:23
buy 295.3							  		Tue, 19 May 2020 17:00:31
close	295.3 -0.00 -0.27		0   Tue, 19 May 2020 17:00:31
buy 295.29							  		Tue, 19 May 2020 17:00:32
close	295.29 -0.00 -0.27		0   Tue, 19 May 2020 17:00:32
buy 295.31							  		Tue, 19 May 2020 17:00:32
close	295.31 -0.00 -0.27		0   Tue, 19 May 2020 17:00:32
buy 295.31							  		Tue, 19 May 2020 17:00:32
close	295.31 -0.00 -0.27		0   Tue, 19 May 2020 17:00:32
buy 295.32							  		Tue, 19 May 2020 17:00:33
close	295.32 -0.00 -0.27		0   Tue, 19 May 2020 17:00:33
buy 295.32							  		Tue, 19 May 2020 17:00:33
close	295.32 -0.00 -0.27		0   Tue, 19 May 2020 17:00:33
buy 295.3							  		Tue, 19 May 2020 17:00:34
close	295.3 -0.00 -0.27		0   Tue, 19 May 2020 17:00:34
buy 295.28							  		Tue, 19 May 2020 17:00:35
close	295.28 -0.00 -0.27		0   Tue, 19 May 2020 17:00:35
buy 295.27							  		Tue, 19 May 2020 17:00:35
close	295.27 -0.00 -0.27		0   Tue, 19 May 2020 17:00:35
buy 295.27							  		Tue, 19 May 2020 17:00:36
close	295.27 -0.00 -0.27		0   Tue, 19 May 2020 17:00:36
buy 295.27							  		Tue, 19 May 2020 17:00:36
close	295.27 -0.00 -0.27		0   Tue, 19 May 2020 17:00:36
buy 295.26							  		Tue, 19 May 2020 17:00:37
close	295.26 -0.00 -0.27		0   Tue, 19 May 2020 17:00:37

Ex: eTrade SYM: SPY Bar chart (min): 1 Open bars: 1 Clase Bars: 1
Tue, 19 May 2020 17:11:00
ACTION OPEN GAIN/(LOSS)	TOTAL BARSINPOS	TIME
~~~~~~~~~~~~~~~~~~~~~~~~~~~~~~~~~~~~~~~~~~~~~~~~~~~

Ex: eTrade SYM: SPY Bar chart (min): 1 Open bars: 1 Clase Bars: 1
Tue, 19 May 2020 17:13:00
ACTION OPEN GAIN/(LOSS)	TOTAL BARSINPOS	TIME
~~~~~~~~~~~~~~~~~~~~~~~~~~~~~~~~~~~~~~~~~~~~~~~~~~~
buy 295.28							  		Tue, 19 May 2020 17:14:17
close	295.28 -0.00 0.00		0   Tue, 19 May 2020 17:14:17
buy 295.28							  		Tue, 19 May 2020 17:14:21
close	295.28 -0.00 0.00		0   Tue, 19 May 2020 17:14:21
buy 295.29							  		Tue, 19 May 2020 17:14:22
close	295.29 -0.00 0.00		0   Tue, 19 May 2020 17:14:22
buy 295.29							  		Tue, 19 May 2020 17:14:24
close	295.29 -0.00 0.00		0   Tue, 19 May 2020 17:14:24

Ex: eTrade SYM: SPY Bar chart (min): 1 Open bars: 1 Clase Bars: 1
Tue, 19 May 2020 17:35:00
ACTION OPEN GAIN/(LOSS)	TOTAL BARSINPOS	TIME
~~~~~~~~~~~~~~~~~~~~~~~~~~~~~~~~~~~~~~~~~~~~~~~~~~~
buy 295.49							  		Tue, 19 May 2020 17:36:30
close	295.49 -0.00 0.00		0   Tue, 19 May 2020 17:36:30
buy 295.49							  		Tue, 19 May 2020 17:36:30
close	295.49 -0.00 0.00		0   Tue, 19 May 2020 17:36:30
buy 295.49							  		Tue, 19 May 2020 17:36:31
close	295.49 -0.00 0.00		0   Tue, 19 May 2020 17:36:31
buy 295.49							  		Tue, 19 May 2020 17:36:31
close	295.49 -0.00 0.00		0   Tue, 19 May 2020 17:36:31
buy 295.49							  		Tue, 19 May 2020 17:36:32
close	295.49 -0.00 0.00		0   Tue, 19 May 2020 17:36:32
buy 295.49							  		Tue, 19 May 2020 17:36:32
close	295.49 -0.00 0.00		0   Tue, 19 May 2020 17:36:32
buy 295.49							  		Tue, 19 May 2020 17:36:32
close	295.49 -0.00 0.00		0   Tue, 19 May 2020 17:36:32
buy 295.49							  		Tue, 19 May 2020 17:36:33
close	295.49 -0.00 0.00		0   Tue, 19 May 2020 17:36:33
buy 295.49							  		Tue, 19 May 2020 17:36:33
close	295.49 -0.00 0.00		0   Tue, 19 May 2020 17:36:33
buy 295.49							  		Tue, 19 May 2020 17:36:34
close	295.49 -0.00 0.00		0   Tue, 19 May 2020 17:36:34
buy 295.49							  		Tue, 19 May 2020 17:36:34
close	295.49 -0.00 0.00		0   Tue, 19 May 2020 17:36:34
buy 295.49							  		Tue, 19 May 2020 17:36:35
close	295.49 -0.00 0.00		0   Tue, 19 May 2020 17:36:35
buy 295.49							  		Tue, 19 May 2020 17:36:35
close	295.49 -0.00 0.00		0   Tue, 19 May 2020 17:36:35
buy 295.48							  		Tue, 19 May 2020 17:36:35
close	295.48 -0.00 0.00		0   Tue, 19 May 2020 17:36:35
buy 295.48							  		Tue, 19 May 2020 17:36:36
close	295.48 -0.00 0.00		0   Tue, 19 May 2020 17:36:36
buy 295.48							  		Tue, 19 May 2020 17:36:36
close	295.48 -0.00 0.00		0   Tue, 19 May 2020 17:36:36
buy 295.48							  		Tue, 19 May 2020 17:36:36
close	295.48 -0.00 0.00		0   Tue, 19 May 2020 17:36:36
buy 295.48							  		Tue, 19 May 2020 17:36:37
close	295.48 -0.00 0.00		0   Tue, 19 May 2020 17:36:37
buy 295.48							  		Tue, 19 May 2020 17:36:37
close	295.48 -0.00 0.00		0   Tue, 19 May 2020 17:36:37
buy 295.48							  		Tue, 19 May 2020 17:36:38
close	295.48 -0.00 0.00		0   Tue, 19 May 2020 17:36:38
buy 295.5							  		Tue, 19 May 2020 17:36:38
close	295.5 -0.00 0.00		0   Tue, 19 May 2020 17:36:38
buy 295.5							  		Tue, 19 May 2020 17:36:38
close	295.5 -0.00 0.00		0   Tue, 19 May 2020 17:36:38
buy 295.5							  		Tue, 19 May 2020 17:36:39
close	295.5 -0.00 0.00		0   Tue, 19 May 2020 17:36:39
buy 295.5							  		Tue, 19 May 2020 17:36:39
close	295.5 -0.00 0.00		0   Tue, 19 May 2020 17:36:39
buy 295.5							  		Tue, 19 May 2020 17:36:40
close	295.5 -0.00 0.00		0   Tue, 19 May 2020 17:36:40
buy 295.52							  		Tue, 19 May 2020 17:36:40
close	295.52 -0.00 0.00		0   Tue, 19 May 2020 17:36:40
buy 295.52							  		Tue, 19 May 2020 17:36:40
close	295.52 -0.00 0.00		0   Tue, 19 May 2020 17:36:40
buy 295.51							  		Tue, 19 May 2020 17:36:41
close	295.51 -0.00 0.00		0   Tue, 19 May 2020 17:36:41
buy 295.51							  		Tue, 19 May 2020 17:36:41
close	295.51 -0.00 0.00		0   Tue, 19 May 2020 17:36:41
buy 295.51							  		Tue, 19 May 2020 17:36:42
close	295.51 -0.00 0.00		0   Tue, 19 May 2020 17:36:42
buy 295.51							  		Tue, 19 May 2020 17:36:42
close	295.51 -0.00 0.00		0   Tue, 19 May 2020 17:36:42
buy 295.51							  		Tue, 19 May 2020 17:36:42
close	295.51 -0.00 0.00		0   Tue, 19 May 2020 17:36:42
buy 295.51							  		Tue, 19 May 2020 17:36:43
close	295.51 -0.00 0.00		0   Tue, 19 May 2020 17:36:43

Ex: eTrade SYM: SPY Bar chart (min): 1 Open bars: 1 Clase Bars: 1
Tue, 19 May 2020 17:39:00
ACTION OPEN GAIN/(LOSS)	TOTAL BARSINPOS	TIME
~~~~~~~~~~~~~~~~~~~~~~~~~~~~~~~~~~~~~~~~~~~~~~~~~~~
sell 295.52							  		Tue, 19 May 2020 17:41:32
close	295.57 -0.05 -0.05		1   Tue, 19 May 2020 17:42:06
buy 295.58							  		Tue, 19 May 2020 17:42:32
close	295.58 -0.00 -0.05		0   Tue, 19 May 2020 17:42:32
buy 295.58							  		Tue, 19 May 2020 17:42:33
close	295.58 -0.00 -0.05		0   Tue, 19 May 2020 17:42:33
buy 295.58							  		Tue, 19 May 2020 17:42:34
close	295.58 -0.00 -0.05		0   Tue, 19 May 2020 17:42:34
buy 295.58							  		Tue, 19 May 2020 17:42:34
close	295.58 -0.00 -0.05		0   Tue, 19 May 2020 17:42:34
buy 295.58							  		Tue, 19 May 2020 17:42:35
close	295.58 -0.00 -0.05		0   Tue, 19 May 2020 17:42:35
buy 295.58							  		Tue, 19 May 2020 17:42:35
close	295.58 -0.00 -0.05		0   Tue, 19 May 2020 17:42:35
buy 295.58							  		Tue, 19 May 2020 17:42:35
close	295.58 -0.00 -0.05		0   Tue, 19 May 2020 17:42:35
buy 295.58							  		Tue, 19 May 2020 17:42:36
close	295.58 -0.00 -0.05		0   Tue, 19 May 2020 17:42:36
buy 295.58							  		Tue, 19 May 2020 17:42:36
close	295.58 -0.00 -0.05		0   Tue, 19 May 2020 17:42:36
buy 295.58							  		Tue, 19 May 2020 17:42:37
close	295.58 -0.00 -0.05		0   Tue, 19 May 2020 17:42:37
buy 295.58							  		Tue, 19 May 2020 17:42:37
close	295.58 -0.00 -0.05		0   Tue, 19 May 2020 17:42:37
buy 295.58							  		Tue, 19 May 2020 17:42:38
close	295.58 -0.00 -0.05		0   Tue, 19 May 2020 17:42:38
buy 295.58							  		Tue, 19 May 2020 17:42:38
close	295.58 -0.00 -0.05		0   Tue, 19 May 2020 17:42:38
buy 295.58							  		Tue, 19 May 2020 17:42:39
close	295.58 -0.00 -0.05		0   Tue, 19 May 2020 17:42:39
buy 295.58							  		Tue, 19 May 2020 17:42:41
close	295.58 -0.00 -0.05		0   Tue, 19 May 2020 17:42:41
buy 295.58							  		Tue, 19 May 2020 17:42:43
close	295.58 -0.00 -0.05		0   Tue, 19 May 2020 17:42:43
buy 295.58							  		Tue, 19 May 2020 17:42:43
close	295.58 -0.00 -0.05		0   Tue, 19 May 2020 17:42:43
buy 295.58							  		Tue, 19 May 2020 17:42:51
close	295.58 -0.00 -0.05		0   Tue, 19 May 2020 17:42:51
buy 295.58							  		Tue, 19 May 2020 17:42:52
close	295.58 -0.00 -0.05		0   Tue, 19 May 2020 17:42:52
buy 295.58							  		Tue, 19 May 2020 17:42:52
close	295.58 -0.00 -0.05		0   Tue, 19 May 2020 17:42:52
buy 295.58							  		Tue, 19 May 2020 17:42:53
close	295.58 -0.00 -0.05		0   Tue, 19 May 2020 17:42:53
buy 295.58							  		Tue, 19 May 2020 17:42:53
close	295.58 -0.00 -0.05		0   Tue, 19 May 2020 17:42:53
buy 295.58							  		Tue, 19 May 2020 17:42:54
close	295.58 -0.00 -0.05		0   Tue, 19 May 2020 17:42:54
buy 295.58							  		Tue, 19 May 2020 17:42:54
close	295.58 -0.00 -0.05		0   Tue, 19 May 2020 17:42:54
buy 295.58							  		Tue, 19 May 2020 17:42:55
close	295.58 -0.00 -0.05		0   Tue, 19 May 2020 17:42:55
buy 295.58							  		Tue, 19 May 2020 17:42:55
close	295.58 -0.00 -0.05		0   Tue, 19 May 2020 17:42:55
buy 295.58							  		Tue, 19 May 2020 17:42:56
close	295.58 -0.00 -0.05		0   Tue, 19 May 2020 17:42:56
sell 295.53							  		Tue, 19 May 2020 17:43:03
close	295.59 -0.06 -0.11		1   Tue, 19 May 2020 17:44:29
buy 295.63							  		Tue, 19 May 2020 17:44:30
close	295.63 -0.00 -0.11		0   Tue, 19 May 2020 17:44:30
buy 295.63							  		Tue, 19 May 2020 17:44:30
close	295.63 -0.00 -0.11		0   Tue, 19 May 2020 17:44:30
buy 295.65							  		Tue, 19 May 2020 17:44:31
close	295.65 -0.00 -0.11		0   Tue, 19 May 2020 17:44:31
buy 295.65							  		Tue, 19 May 2020 17:44:31
close	295.65 -0.00 -0.11		0   Tue, 19 May 2020 17:44:31
buy 295.65							  		Tue, 19 May 2020 17:44:32
close	295.65 -0.00 -0.11		0   Tue, 19 May 2020 17:44:32
buy 295.65							  		Tue, 19 May 2020 17:44:33
close	295.65 -0.00 -0.11		0   Tue, 19 May 2020 17:44:33
buy 295.65							  		Tue, 19 May 2020 17:44:33
close	295.65 -0.00 -0.11		0   Tue, 19 May 2020 17:44:33
buy 295.65							  		Tue, 19 May 2020 17:44:34
close	295.65 -0.00 -0.11		0   Tue, 19 May 2020 17:44:34
buy 295.66							  		Tue, 19 May 2020 17:44:36
close	295.66 -0.00 -0.11		0   Tue, 19 May 2020 17:44:36
buy 295.65							  		Tue, 19 May 2020 17:44:37
close	295.65 -0.00 -0.11		0   Tue, 19 May 2020 17:44:37
buy 295.65							  		Tue, 19 May 2020 17:44:37
close	295.65 -0.00 -0.11		0   Tue, 19 May 2020 17:44:37
buy 295.65							  		Tue, 19 May 2020 17:44:37
close	295.65 -0.00 -0.11		0   Tue, 19 May 2020 17:44:37
buy 295.66							  		Tue, 19 May 2020 17:44:38
close	295.66 -0.00 -0.11		0   Tue, 19 May 2020 17:44:38
buy 295.66							  		Tue, 19 May 2020 17:44:38
close	295.66 -0.00 -0.11		0   Tue, 19 May 2020 17:44:38
buy 295.66							  		Tue, 19 May 2020 17:44:39
close	295.66 -0.00 -0.11		0   Tue, 19 May 2020 17:44:39
buy 295.64							  		Tue, 19 May 2020 17:44:39
close	295.64 -0.00 -0.11		0   Tue, 19 May 2020 17:44:39
buy 295.64							  		Tue, 19 May 2020 17:44:40
close	295.64 -0.00 -0.11		0   Tue, 19 May 2020 17:44:40
buy 295.64							  		Tue, 19 May 2020 17:44:40
close	295.64 -0.00 -0.11		0   Tue, 19 May 2020 17:44:40
buy 295.64							  		Tue, 19 May 2020 17:44:41
close	295.64 -0.00 -0.11		0   Tue, 19 May 2020 17:44:41
buy 295.64							  		Tue, 19 May 2020 17:44:41
close	295.64 -0.00 -0.11		0   Tue, 19 May 2020 17:44:41
buy 295.65							  		Tue, 19 May 2020 17:44:42
close	295.65 -0.00 -0.11		0   Tue, 19 May 2020 17:44:42
buy 295.65							  		Tue, 19 May 2020 17:44:42
close	295.65 -0.00 -0.11		0   Tue, 19 May 2020 17:44:42
buy 295.65							  		Tue, 19 May 2020 17:44:43
close	295.65 -0.00 -0.11		0   Tue, 19 May 2020 17:44:43
buy 295.65							  		Tue, 19 May 2020 17:44:43
close	295.65 -0.00 -0.11		0   Tue, 19 May 2020 17:44:43
buy 295.65							  		Tue, 19 May 2020 17:44:44
close	295.65 -0.00 -0.11		0   Tue, 19 May 2020 17:44:44
buy 295.66							  		Tue, 19 May 2020 17:44:44
close	295.66 -0.00 -0.11		0   Tue, 19 May 2020 17:44:44
buy 295.66							  		Tue, 19 May 2020 17:44:45
close	295.66 -0.00 -0.11		0   Tue, 19 May 2020 17:44:45
buy 295.66							  		Tue, 19 May 2020 17:44:45
close	295.66 -0.00 -0.11		0   Tue, 19 May 2020 17:44:45
buy 295.66							  		Tue, 19 May 2020 17:44:46
close	295.66 -0.00 -0.11		0   Tue, 19 May 2020 17:44:46
buy 295.66							  		Tue, 19 May 2020 17:44:46
close	295.66 -0.00 -0.11		0   Tue, 19 May 2020 17:44:46
buy 295.66							  		Tue, 19 May 2020 17:44:46
close	295.66 -0.00 -0.11		0   Tue, 19 May 2020 17:44:46
buy 295.66							  		Tue, 19 May 2020 17:44:47
close	295.66 -0.00 -0.11		0   Tue, 19 May 2020 17:44:47
buy 295.66							  		Tue, 19 May 2020 17:44:48
close	295.66 -0.00 -0.11		0   Tue, 19 May 2020 17:44:48
buy 295.63							  		Tue, 19 May 2020 17:44:48
close	295.63 -0.00 -0.11		0   Tue, 19 May 2020 17:44:48
buy 295.65							  		Tue, 19 May 2020 17:44:48
close	295.65 -0.00 -0.11		0   Tue, 19 May 2020 17:44:48
buy 295.64							  		Tue, 19 May 2020 17:44:49
close	295.64 -0.00 -0.11		0   Tue, 19 May 2020 17:44:49
buy 295.64							  		Tue, 19 May 2020 17:44:49
close	295.64 -0.00 -0.11		0   Tue, 19 May 2020 17:44:49
buy 295.64							  		Tue, 19 May 2020 17:44:50
close	295.64 -0.00 -0.11		0   Tue, 19 May 2020 17:44:50
buy 295.65							  		Tue, 19 May 2020 17:44:50
close	295.65 -0.00 -0.11		0   Tue, 19 May 2020 17:44:50
buy 295.65							  		Tue, 19 May 2020 17:44:51
close	295.65 -0.00 -0.11		0   Tue, 19 May 2020 17:44:51
buy 295.65							  		Tue, 19 May 2020 17:44:51
close	295.65 -0.00 -0.11		0   Tue, 19 May 2020 17:44:51
buy 295.65							  		Tue, 19 May 2020 17:44:52
close	295.65 -0.00 -0.11		0   Tue, 19 May 2020 17:44:52
buy 295.64							  		Tue, 19 May 2020 17:44:52
close	295.64 -0.00 -0.11		0   Tue, 19 May 2020 17:44:52
buy 295.64							  		Tue, 19 May 2020 17:44:53
close	295.64 -0.00 -0.11		0   Tue, 19 May 2020 17:44:53
buy 295.64							  		Tue, 19 May 2020 17:44:53
close	295.64 -0.00 -0.11		0   Tue, 19 May 2020 17:44:53
buy 295.64							  		Tue, 19 May 2020 17:44:54
close	295.64 -0.00 -0.11		0   Tue, 19 May 2020 17:44:54
buy 295.64							  		Tue, 19 May 2020 17:44:54
close	295.64 -0.00 -0.11		0   Tue, 19 May 2020 17:44:54
buy 295.65							  		Tue, 19 May 2020 17:44:54
close	295.65 -0.00 -0.11		0   Tue, 19 May 2020 17:44:54
buy 295.65							  		Tue, 19 May 2020 17:44:55
close	295.65 -0.00 -0.11		0   Tue, 19 May 2020 17:44:55
buy 295.65							  		Tue, 19 May 2020 17:44:55
close	295.65 -0.00 -0.11		0   Tue, 19 May 2020 17:44:55
buy 295.65							  		Tue, 19 May 2020 17:44:56
close	295.65 -0.00 -0.11		0   Tue, 19 May 2020 17:44:56
buy 295.65							  		Tue, 19 May 2020 17:44:56
close	295.65 -0.00 -0.11		0   Tue, 19 May 2020 17:44:56
buy 295.65							  		Tue, 19 May 2020 17:44:57
close	295.65 -0.00 -0.11		0   Tue, 19 May 2020 17:44:57
buy 295.65							  		Tue, 19 May 2020 17:44:57
close	295.65 -0.00 -0.11		0   Tue, 19 May 2020 17:44:57
buy 295.65							  		Tue, 19 May 2020 17:44:58
close	295.65 -0.00 -0.11		0   Tue, 19 May 2020 17:44:58
buy 295.65							  		Tue, 19 May 2020 17:44:58
close	295.65 -0.00 -0.11		0   Tue, 19 May 2020 17:44:58
buy 295.65							  		Tue, 19 May 2020 17:44:59
close	295.65 -0.00 -0.11		0   Tue, 19 May 2020 17:44:59
buy 295.64							  		Tue, 19 May 2020 17:44:59
close	295.64 -0.00 -0.11		0   Tue, 19 May 2020 17:44:59
buy 295.67							  		Tue, 19 May 2020 17:45:01
close	295.67 -0.00 -0.11		0   Tue, 19 May 2020 17:45:01
buy 295.67							  		Tue, 19 May 2020 17:45:01
close	295.67 -0.00 -0.11		0   Tue, 19 May 2020 17:45:01
buy 295.67							  		Tue, 19 May 2020 17:45:01
close	295.67 -0.00 -0.11		0   Tue, 19 May 2020 17:45:02
sell 295.58							  		Tue, 19 May 2020 17:46:14
close	295.67 -0.09 -0.20		0   Tue, 19 May 2020 17:46:46
buy 295.68							  		Tue, 19 May 2020 17:46:50
close	295.68 -0.00 -0.20		0   Tue, 19 May 2020 17:46:50
buy 295.68							  		Tue, 19 May 2020 17:46:51
close	295.68 -0.00 -0.20		0   Tue, 19 May 2020 17:46:51

Ex: eTrade SYM: SPY Bar chart (min): 1 Open bars: 1 Clase Bars: 1
Tue, 19 May 2020 18:04:00
ACTION OPEN GAIN/(LOSS)	TOTAL BARSINPOS	TIME
~~~~~~~~~~~~~~~~~~~~~~~~~~~~~~~~~~~~~~~~~~~~~~~~~~~
sell 295.31							  		Tue, 19 May 2020 18:05:06
close	295.35 -0.04 -0.04		0   Tue, 19 May 2020 18:05:08
buy 295.4							  		Tue, 19 May 2020 18:05:15
close	295.41 0.01 -0.03		0   Tue, 19 May 2020 18:05:34
buy 295.41							  		Tue, 19 May 2020 18:05:34
close	295.41 -0.00 -0.03		0   Tue, 19 May 2020 18:05:41
buy 295.41							  		Tue, 19 May 2020 18:05:41
close	295.42 0.01 -0.02		0   Tue, 19 May 2020 18:05:50
buy 295.42							  		Tue, 19 May 2020 18:05:50
close	295.53 0.11 0.09		1   Tue, 19 May 2020 18:06:29
buy 295.53							  		Tue, 19 May 2020 18:06:29

Ex: eTrade SYM: SPY Bar chart (min): 1 Open bars: 1 Clase Bars: 1
Tue, 19 May 2020 18:10:00
ACTION OPEN GAIN/(LOSS)	TOTAL BARSINPOS	TIME
~~~~~~~~~~~~~~~~~~~~~~~~~~~~~~~~~~~~~~~~~~~~~~~~~~~
buy 295.85							  		Tue, 19 May 2020 18:11:07
close	295.78 -0.07 -0.07		1   Tue, 19 May 2020 18:12:19
sell 295.78							  		Tue, 19 May 2020 18:12:20
close	295.85 -0.07 -0.14		0   Tue, 19 May 2020 18:12:57
sell 295.77							  		Tue, 19 May 2020 18:13:31
close	295.83 -0.06 -0.20		1   Tue, 19 May 2020 18:14:07
buy 295.85							  		Tue, 19 May 2020 18:14:26
close	295.87 0.02 -0.18		1   Tue, 19 May 2020 18:15:46
buy 295.87							  		Tue, 19 May 2020 18:15:46
close	295.78 -0.09 -0.27		1   Tue, 19 May 2020 18:16:21
sell 295.78							  		Tue, 19 May 2020 18:16:21
close	295.87 -0.09 -0.36		0   Tue, 19 May 2020 18:16:29
buy 295.9							  		Tue, 19 May 2020 18:17:01
close	295.93 0.03 -0.33		0   Tue, 19 May 2020 18:17:47
buy 295.93							  		Tue, 19 May 2020 18:17:47
close	295.85 -0.08 -0.41		1   Tue, 19 May 2020 18:18:36
sell 295.85							  		Tue, 19 May 2020 18:18:37
close	295.91 -0.06 -0.47		0   Tue, 19 May 2020 18:18:51

Ex: eTrade SYM: SPY Bar chart (min): 1 Open bars: 1 Clase Bars: 1
Tue, 19 May 2020 18:20:00
ACTION OPEN GAIN/(LOSS)	TOTAL BARSINPOS	TIME
~~~~~~~~~~~~~~~~~~~~~~~~~~~~~~~~~~~~~~~~~~~~~~~~~~~
sell 295.92							  		Tue, 19 May 2020 18:21:10
close	295.93 -0.01 -0.01		1   Tue, 19 May 2020 18:22:38
sell 295.93							  		Tue, 19 May 2020 18:22:38
close	295.92 0.01 0.00		2   Tue, 19 May 2020 18:24:18
buy 295.92							  		Tue, 19 May 2020 18:24:19
close	295.83 -0.09 -0.09		3   Tue, 19 May 2020 18:27:05
sell 295.84							  		Tue, 19 May 2020 18:27:33

Ex: eTrade SYM: SPY Bar chart (min): 1 Open bars: 1 Clase Bars: 2
Tue, 19 May 2020 18:29:00
ACTION OPEN GAIN/(LOSS)	TOTAL BARSINPOS	TIME
~~~~~~~~~~~~~~~~~~~~~~~~~~~~~~~~~~~~~~~~~~~~~~~~~~~
buy 295.81							  		Tue, 19 May 2020 18:31:28
close	295.85 0.04 0.04		2   Tue, 19 May 2020 18:33:16
buy 295.85							  		Tue, 19 May 2020 18:33:16
close	295.86 0.01 0.05		0   Tue, 19 May 2020 18:33:36
buy 295.86							  		Tue, 19 May 2020 18:33:36
close	295.89 0.03 0.08		0   Tue, 19 May 2020 18:33:42
buy 295.89							  		Tue, 19 May 2020 18:33:42
close	295.89 -0.00 0.08		3   Tue, 19 May 2020 18:36:32
buy 295.89							  		Tue, 19 May 2020 18:36:32
close	295.89 -0.00 0.08		0   Tue, 19 May 2020 18:36:53
buy 295.89							  		Tue, 19 May 2020 18:36:53
close	295.91 0.02 0.10		3   Tue, 19 May 2020 18:39:28
buy 295.91							  		Tue, 19 May 2020 18:39:28
close	295.91 -0.00 0.10		0   Tue, 19 May 2020 18:39:33
buy 295.91							  		Tue, 19 May 2020 18:39:33
close	295.91 -0.00 0.10		0   Tue, 19 May 2020 18:39:42
buy 295.91							  		Tue, 19 May 2020 18:39:42
close	295.91 -0.00 0.10		0   Tue, 19 May 2020 18:39:59
buy 295.91							  		Tue, 19 May 2020 18:39:59
close	295.93 0.02 0.12		4   Tue, 19 May 2020 18:43:51
buy 295.93							  		Tue, 19 May 2020 18:43:51
close	295.87 -0.06 0.06		2   Tue, 19 May 2020 18:45:07
sell 295.85							  		Tue, 19 May 2020 18:45:10
close	295.97 -0.12 -0.06		0   Tue, 19 May 2020 18:45:15
buy 295.98							  		Tue, 19 May 2020 18:45:16
close	295.98 -0.00 -0.06		0   Tue, 19 May 2020 18:45:30
buy 295.98							  		Tue, 19 May 2020 18:45:30
close	295.98 -0.00 -0.06		0   Tue, 19 May 2020 18:45:34
buy 295.98							  		Tue, 19 May 2020 18:45:34
close	296.2 0.22 0.16		3   Tue, 19 May 2020 18:49:18
buy 296.2							  		Tue, 19 May 2020 18:49:18

Ex: eTrade SYM: TSLA Bar chart (min): 1 Open bars: 1 Clase Bars: 1
Tue, 19 May 2020 18:52:00
ACTION OPEN GAIN/(LOSS)	TOTAL BARSINPOS	TIME
~~~~~~~~~~~~~~~~~~~~~~~~~~~~~~~~~~~~~~~~~~~~~~~~~~~

Ex: eTrade SYM: SPY Bar chart (min): 1 Open bars: 1 Clase Bars: 1
Tue, 19 May 2020 18:54:00
ACTION OPEN GAIN/(LOSS)	TOTAL BARSINPOS	TIME
~~~~~~~~~~~~~~~~~~~~~~~~~~~~~~~~~~~~~~~~~~~~~~~~~~~
sell 295.42							  		Tue, 19 May 2020 18:56:15
close	294.25 1.17 1.17		4   Tue, 19 May 2020 19:00:50
buy 294.26							  		Tue, 19 May 2020 19:00:50
close	294.82 0.56 1.73		7   Tue, 19 May 2020 19:07:22
buy 294.82							  		Tue, 19 May 2020 19:07:22
close	294.93 0.11 1.84		1   Tue, 19 May 2020 19:08:37
buy 294.93							  		Tue, 19 May 2020 19:08:37
close	294.94 0.01 1.85		0   Tue, 19 May 2020 19:08:50
buy 294.94							  		Tue, 19 May 2020 19:08:50

Ex: eTrade SYM: SPY Bar chart (min): 1 Open bars: 1 Clase Bars: 1
Tue, 19 May 2020 19:12:00
ACTION OPEN GAIN/(LOSS)	TOTAL BARSINPOS	TIME
~~~~~~~~~~~~~~~~~~~~~~~~~~~~~~~~~~~~~~~~~~~~~~~~~~~
buy 295.44							  		Tue, 19 May 2020 19:15:02

Ex: eTrade SYM: SPY Bar chart (min): 1 Open bars: 1 Clase Bars: 1
Tue, 19 May 2020 19:22:00
ACTION OPEN GAIN/(LOSS)	TOTAL BARSINPOS	TIME
~~~~~~~~~~~~~~~~~~~~~~~~~~~~~~~~~~~~~~~~~~~~~~~~~~~
sell 294.7							  		Tue, 19 May 2020 19:24:01
close	294.47 0.23 0.23		2   Tue, 19 May 2020 19:26:35
buy 294.58							  		Tue, 19 May 2020 19:26:44

Ex: eTrade SYM: SPY Bar chart (min): 1 Open bars: 1 Clase Bars: 1
Tue, 19 May 2020 19:28:00
ACTION OPEN GAIN/(LOSS)	TOTAL BARSINPOS	TIME
~~~~~~~~~~~~~~~~~~~~~~~~~~~~~~~~~~~~~~~~~~~~~~~~~~~
sell 294.63							  		Tue, 19 May 2020 19:30:03
close	294.39 0.24 0.24		2   Tue, 19 May 2020 19:32:03
buy 294.43							  		Tue, 19 May 2020 19:32:04
close	294.62 0.19 0.43		2   Tue, 19 May 2020 19:34:42
buy 294.62							  		Tue, 19 May 2020 19:34:42
close	294.38 -0.24 0.19		0   Tue, 19 May 2020 19:34:51
sell 294.31							  		Tue, 19 May 2020 19:34:54
close	293.44 0.87 1.06		5   Tue, 19 May 2020 19:39:14
buy 293.48							  		Tue, 19 May 2020 19:39:15
close	293.6 0.12 1.18		0   Tue, 19 May 2020 19:39:57
buy 293.6							  		Tue, 19 May 2020 19:39:57
close	293.66 0.06 1.24		1   Tue, 19 May 2020 19:40:30
buy 293.66							  		Tue, 19 May 2020 19:40:30
close	293.68 0.02 1.26		0   Tue, 19 May 2020 19:40:39
buy 293.68							  		Tue, 19 May 2020 19:40:39
close	293.71 0.03 1.29		0   Tue, 19 May 2020 19:40:58
buy 293.71							  		Tue, 19 May 2020 19:40:58
close	293.74 0.03 1.32		4   Tue, 19 May 2020 19:44:14
sell 293.61							  		Tue, 19 May 2020 19:44:15
close	293.72 -0.11 1.21		2   Tue, 19 May 2020 19:46:07
buy 293.78							  		Tue, 19 May 2020 19:46:19
close	293.62 -0.16 1.05		1   Tue, 19 May 2020 19:47:16
sell 293.5							  		Tue, 19 May 2020 19:47:16
close	293.36 0.14 1.19		2   Tue, 19 May 2020 19:49:11
sell 293.15							  		Tue, 19 May 2020 19:49:58
close	293.36 -0.21 0.98		0   Tue, 19 May 2020 19:50:05
sell 293.04							  		Tue, 19 May 2020 19:50:19
close	292.92 0.12 1.10		2   Tue, 19 May 2020 19:52:47
buy 292.91							  		Tue, 19 May 2020 19:52:47
close	292.52 -0.39 0.71		2   Tue, 19 May 2020 19:54:55
sell 292.51							  		Tue, 19 May 2020 19:54:56
close	292.66 -0.15 0.56		0   Tue, 19 May 2020 19:55:00
buy 292.7							  		Tue, 19 May 2020 19:55:08
close	292.76 0.06 0.62		0   Tue, 19 May 2020 19:55:22
buy 292.76							  		Tue, 19 May 2020 19:55:22
close	292.89 0.13 0.75		0   Tue, 19 May 2020 19:55:32
buy 292.89							  		Tue, 19 May 2020 19:55:32
close	292.61 -0.28 0.47		2   Tue, 19 May 2020 19:57:18
sell 292.6							  		Tue, 19 May 2020 19:57:18
close	292.29 0.31 0.78		4   Tue, 19 May 2020 20:00:03
buy 292.3							  		Tue, 19 May 2020 20:00:14

Ex: eTrade SYM: SPY Bar chart (min): 1 Open bars: 1 Clase Bars: 1
Tue, 19 May 2020 20:06:00
ACTION OPEN GAIN/(LOSS)	TOTAL BARSINPOS	TIME
~~~~~~~~~~~~~~~~~~~~~~~~~~~~~~~~~~~~~~~~~~~~~~~~~~~
sell 292.17							  		Tue, 19 May 2020 20:08:01
